{"2021-07-31T06:42:52.139Z":{"type":"info","log":"API: Petio API Version 0.5.4-alpha"}},
{"2021-07-31T06:42:52.139Z":{"type":"info","log":"API: API Starting"}},
{"2021-07-31T06:42:52.139Z":{"type":"verbose","log":"API: Non pkg env"}},
{"2021-07-31T06:42:52.140Z":{"type":"verbose","log":"API: Attempting to create config dir"}},
{"2021-07-31T06:42:52.140Z":{"type":"verbose","log":"API: config directory found"}},
{"2021-07-31T06:42:52.141Z":{"type":"error","log":"Unable to get config - Config Not Found! Exiting"}},
{"2021-07-31T06:42:52.142Z":{"type":"info","log":"API: Starting server"}},
{"2021-07-31T06:42:52.142Z":{"type":"info","log":"API: Setting up routes"}},
{"2021-07-31T06:42:52.144Z":{"type":"verbose","log":"API: Listening on 7778 internally"}},
{"2021-07-31T06:42:52.144Z":{"type":"info","log":"API: Server entering listening state"}},
{"2021-07-31T06:42:52.144Z":{"type":"warn","log":"API: No config, entering setup mode"}},
{"2021-07-31T07:08:48.248Z":{"type":"info","log":"API: Petio API Version 0.5.4-alpha"}},
{"2021-07-31T07:08:48.248Z":{"type":"info","log":"API: API Starting"}},
{"2021-07-31T07:08:48.248Z":{"type":"verbose","log":"API: Non pkg env"}},
{"2021-07-31T07:08:48.248Z":{"type":"verbose","log":"API: Attempting to create config dir"}},
{"2021-07-31T07:08:48.249Z":{"type":"verbose","log":"API: config directory found"}},
{"2021-07-31T07:08:48.252Z":{"type":"error","log":"Unable to get config - Config Not Found! Exiting"}},
{"2021-07-31T07:08:48.253Z":{"type":"info","log":"API: Starting server"}},
{"2021-07-31T07:08:48.253Z":{"type":"info","log":"API: Setting up routes"}},
{"2021-07-31T07:08:48.254Z":{"type":"verbose","log":"API: Listening on 7778 internally"}},
{"2021-07-31T07:08:48.255Z":{"type":"info","log":"API: Server entering listening state"}},
{"2021-07-31T07:08:48.255Z":{"type":"warn","log":"API: No config, entering setup mode"}},
