2021-07-31T06:42:52.138Z info: API: Petio API Version 0.5.4-alpha
2021-07-31T06:42:52.139Z info: API: API Starting
2021-07-31T06:42:52.139Z verbose: API: Non pkg env
2021-07-31T06:42:52.140Z verbose: API: Attempting to create config dir
2021-07-31T06:42:52.140Z verbose: API: config directory found
2021-07-31T06:42:52.141Z error: Unable to get config - Config Not Found! Exiting
2021-07-31T06:42:52.142Z info: API: Starting server
2021-07-31T06:42:52.142Z info: API: Setting up routes
2021-07-31T06:42:52.144Z verbose: API: Listening on 7778 internally
2021-07-31T06:42:52.144Z info: API: Server entering listening state
2021-07-31T06:42:52.144Z warn: API: No config, entering setup mode
2021-07-31T07:08:48.247Z info: API: Petio API Version 0.5.4-alpha
2021-07-31T07:08:48.248Z info: API: API Starting
2021-07-31T07:08:48.248Z verbose: API: Non pkg env
2021-07-31T07:08:48.248Z verbose: API: Attempting to create config dir
2021-07-31T07:08:48.248Z verbose: API: config directory found
2021-07-31T07:08:48.252Z error: Unable to get config - Config Not Found! Exiting
2021-07-31T07:08:48.253Z info: API: Starting server
2021-07-31T07:08:48.253Z info: API: Setting up routes
2021-07-31T07:08:48.254Z verbose: API: Listening on 7778 internally
2021-07-31T07:08:48.254Z info: API: Server entering listening state
2021-07-31T07:08:48.255Z warn: API: No config, entering setup mode
