{"2021-02-11T18:29:15.606Z":{"type":"verbose","log":"API: Route /movie/lookup/615643/minified"}},
{"2021-02-11T18:29:15.606Z":{"type":"verbose","log":"TMDB Person Lookup 615643"}},
{"2021-02-11T18:29:15.613Z":{"type":"verbose","log":"API: Route /movie/lookup/675327/minified"}},
{"2021-02-11T18:29:15.613Z":{"type":"verbose","log":"TMDB Person Lookup 675327"}},
{"2021-02-11T18:29:15.619Z":{"type":"verbose","log":"API: Route /movie/lookup/530723/minified"}},
{"2021-02-11T18:29:15.619Z":{"type":"verbose","log":"TMDB Person Lookup 530723"}},
{"2021-02-11T18:29:15.620Z":{"type":"verbose","log":"API: Route /movie/lookup/652004/minified"}},
{"2021-02-11T18:29:15.621Z":{"type":"verbose","log":"TMDB Person Lookup 652004"}},
{"2021-02-11T18:29:15.626Z":{"type":"verbose","log":"API: Route /movie/lookup/595671/minified"}},
{"2021-02-11T18:29:15.626Z":{"type":"verbose","log":"TMDB Person Lookup 595671"}},
{"2021-02-11T18:29:15.724Z":{"type":"verbose","log":"API: Route /movie/lookup/506528/minified"}},
{"2021-02-11T18:29:15.724Z":{"type":"verbose","log":"TMDB Person Lookup 506528"}},
{"2021-02-11T18:29:15.733Z":{"type":"verbose","log":"API: Route /movie/lookup/553604/minified"}},
{"2021-02-11T18:29:15.733Z":{"type":"verbose","log":"TMDB Person Lookup 553604"}},
{"2021-02-11T18:30:00.005Z":{"type":"info","log":"CRON: Partial Scan Started @ Thu Feb 11 2021"}},
{"2021-02-11T18:30:00.005Z":{"type":"info","log":"LIB CRON: Running Partial"}},
{"2021-02-11T18:30:04.057Z":{"type":"info","log":"LIB CRON: Recently Added received"}},
{"2021-02-11T18:30:04.058Z":{"type":"warn","log":"LIB CRON: Partial scan type not found - album"}},
{"2021-02-11T18:30:04.070Z":{"type":"info","log":"LIB CRON: Partial scan - Crime Scene: The Vanishing at the Cecil Hotel - Built from series"}},
{"2021-02-11T18:30:04.071Z":{"type":"info","log":"LIB CRON: Partial scan - Rescue Me - Built from series"}},
{"2021-02-11T18:30:04.073Z":{"type":"info","log":"LIB CRON: Partial scan - The Good Wife - Built from series"}},
{"2021-02-11T18:30:04.073Z":{"type":"info","log":"LIB CRON: Partial scan - Teen Mom OG - Built from series"}},
{"2021-02-11T18:30:04.074Z":{"type":"info","log":"LIB CRON: Partial scan - The New York Times Presents - Built from series"}},
{"2021-02-11T18:30:04.075Z":{"type":"info","log":"LIB CRON: Partial scan - Fauda - Built from series"}},
{"2021-02-11T18:30:04.076Z":{"type":"info","log":"LIB CRON: Partial scan - Star Wars: The Clone Wars"}},
{"2021-02-11T18:30:04.076Z":{"type":"info","log":"LIB CRON: Partial scan - One Cut of the Dead"}},
{"2021-02-11T18:30:04.081Z":{"type":"info","log":"LIB CRON: Partial scan - Marvel's Agent Carter - Built from series"}},
{"2021-02-11T18:30:04.081Z":{"type":"info","log":"LIB CRON: Partial scan - Marvel One-Shot: Agent Carter"}},
{"2021-02-11T18:30:04.082Z":{"type":"info","log":"LIB CRON: Partial scan - Police Interceptors - Built from series"}},
{"2021-02-11T18:30:04.082Z":{"type":"info","log":"LIB CRON: Partial scan - Traffic Cops - Built from series"}},
{"2021-02-11T18:30:04.082Z":{"type":"info","log":"LIB CRON: Partial scan - Ordeal by Innocence - Built from series"}},
{"2021-02-11T18:30:04.083Z":{"type":"info","log":"LIB CRON: Partial scan - 999: What's Your Emergency? - Built from series"}},
{"2021-02-11T18:30:04.083Z":{"type":"info","log":"LIB CRON: Partial scan - Impractical Jokers - Built from series"}},
{"2021-02-11T18:30:04.084Z":{"type":"info","log":"LIB CRON: Partial scan - Hillbilly Elegy"}},
{"2021-02-11T18:30:04.084Z":{"type":"info","log":"LIB CRON: Partial scan - Horizon Line"}},
{"2021-02-11T18:30:04.084Z":{"type":"info","log":"LIB CRON: Partial scan - The Great North - Built from series"}},
{"2021-02-11T18:30:04.089Z":{"type":"info","log":"LIB CRON: Partial scan - Scream Queens - Built from series"}},
{"2021-02-11T18:30:04.090Z":{"type":"info","log":"LIB CRON: Partial scan - The Longest Yard"}},
{"2021-02-11T18:30:04.090Z":{"type":"info","log":"LIB CRON: Partial scan - 24 Hours in A&E - Built from series"}},
{"2021-02-11T18:30:04.091Z":{"type":"info","log":"LIB CRON: Partial scan - Killer in Question - Built from series"}},
{"2021-02-11T18:30:04.091Z":{"type":"info","log":"LIB CRON: Partial scan - Stick It"}},
{"2021-02-11T18:30:04.091Z":{"type":"info","log":"LIB CRON: Partial scan - Tehran - Built from series"}},
{"2021-02-11T18:30:04.092Z":{"type":"info","log":"LIB CRON: Partial scan - Desperate Housewives - Built from series"}},
{"2021-02-11T18:30:04.092Z":{"type":"info","log":"LIB CRON: Partial scan - Life After Beth"}},
{"2021-02-11T18:30:04.093Z":{"type":"info","log":"LIB CRON: Partial scan - SIX - Built from series"}},
{"2021-02-11T18:30:04.095Z":{"type":"info","log":"LIB CRON: Partial scan - The Last Kingdom - Built from series"}},
{"2021-02-11T18:30:04.096Z":{"type":"info","log":"LIB CRON: Partial scan - Tiger - Built from series"}},
{"2021-02-11T18:30:04.097Z":{"type":"info","log":"LIB CRON: Partial scan - Palmer"}},
{"2021-02-11T18:30:04.097Z":{"type":"info","log":"LIB CRON: Partial scan - Rookie Blue - Built from series"}},
{"2021-02-11T18:30:04.098Z":{"type":"info","log":"LIB CRON: Partial scan - Hate Thy Neighbor - Built from series"}},
{"2021-02-11T18:30:04.098Z":{"type":"info","log":"LIB CRON: Partial scan - Temptation Island (2019) - Built from series"}},
{"2021-02-11T18:30:04.099Z":{"type":"info","log":"LIB CRON: Partial scan - Black Knight"}},
{"2021-02-11T18:30:04.099Z":{"type":"info","log":"LIB CRON: Partial scan - Addicted to Fresno"}},
{"2021-02-11T18:30:04.100Z":{"type":"info","log":"LIB CRON: Partial scan - The Farewell"}},
{"2021-02-11T18:30:04.101Z":{"type":"info","log":"MAILER: Parsing mail queue"}},
{"2021-02-11T18:30:04.102Z":{"type":"info","log":"LIB CRON: Partial Scan Complete"}},
{"2021-02-11T18:30:14.467Z":{"type":"verbose","log":"API: Route /services/radarr/config"}},
{"2021-02-11T18:30:14.471Z":{"type":"verbose","log":"API: Route /request/min"}},
{"2021-02-11T18:30:14.473Z":{"type":"verbose","log":"API: Route /request/all"}},
{"2021-02-11T18:30:14.485Z":{"type":"verbose","log":"API: Route /services/sonarr/config"}},
{"2021-02-11T18:30:14.514Z":{"type":"verbose","log":"API: Route /services/radarr/paths/f76567a5-7adb-4f16-8acd-63904027750c"}},
{"2021-02-11T18:30:27.520Z":{"type":"verbose","log":"API: Route /services/radarr/profiles/f76567a5-7adb-4f16-8acd-63904027750c"}},
{"2021-02-11T18:30:27.535Z":{"type":"verbose","log":"API: Route /services/sonarr/paths/fb89cffe-96cb-40a8-85de-220766e8a83b"}},
{"2021-02-11T18:30:27.536Z":{"type":"verbose","log":"API: Route /services/sonarr/paths/aba158c6-8bef-4ba0-9336-737aa5606bf8"}},
{"2021-02-11T18:31:29.932Z":{"type":"warn","log":"SERVICE - SONARR: ERR Connection failed"}},
{"2021-02-11T18:31:29.983Z":{"type":"verbose","log":"TMDB Show Lookup 76811"}},
{"2021-02-11T18:31:29.984Z":{"type":"verbose","log":"TMDB Show Lookup 97175"}},
{"2021-02-11T18:31:29.984Z":{"type":"verbose","log":"TMDB Person Lookup 532865"}},
{"2021-02-11T18:31:29.985Z":{"type":"verbose","log":"TMDB Person Lookup 587996"}},
{"2021-02-11T18:31:29.985Z":{"type":"verbose","log":"TMDB Person Lookup 565743"}},
{"2021-02-11T18:31:29.985Z":{"type":"verbose","log":"TMDB Person Lookup 539617"}},
{"2021-02-11T18:31:29.985Z":{"type":"verbose","log":"TMDB Show Lookup 116034"}},
{"2021-02-11T18:31:29.985Z":{"type":"verbose","log":"TMDB Person Lookup 399566"}},
{"2021-02-11T18:31:29.985Z":{"type":"verbose","log":"TMDB Show Lookup 93741"}},
{"2021-02-11T18:31:29.985Z":{"type":"verbose","log":"TMDB Person Lookup 644083"}},
{"2021-02-11T18:31:29.985Z":{"type":"verbose","log":"TMDB Person Lookup 644092"}},
{"2021-02-11T18:31:29.985Z":{"type":"verbose","log":"TMDB Person Lookup 575776"}},
{"2021-02-11T18:31:29.986Z":{"type":"verbose","log":"TMDB Show Lookup 1274"}},
{"2021-02-11T18:31:29.986Z":{"type":"verbose","log":"TMDB Show Lookup 1215"}},
{"2021-02-11T18:31:29.987Z":{"type":"verbose","log":"TMDB Show Lookup 47450"}},
{"2021-02-11T18:31:29.987Z":{"type":"verbose","log":"TMDB Show Lookup 67232"}},
{"2021-02-11T18:31:29.987Z":{"type":"verbose","log":"TMDB Show Lookup 47323"}},
{"2021-02-11T18:31:29.987Z":{"type":"verbose","log":"TMDB Show Lookup 116249"}},
{"2021-02-11T18:31:29.987Z":{"type":"verbose","log":"TMDB Show Lookup 88396"}},
{"2021-02-11T18:31:29.987Z":{"type":"verbose","log":"TMDB Show Lookup 95205"}},
{"2021-02-11T18:31:29.987Z":{"type":"verbose","log":"TMDB Show Lookup 87049"}},
{"2021-02-11T18:31:29.988Z":{"type":"verbose","log":"TMDB Person Lookup 613911"}},
{"2021-02-11T18:31:29.988Z":{"type":"verbose","log":"TMDB Person Lookup 777620"}},
{"2021-02-11T18:31:29.988Z":{"type":"verbose","log":"TMDB Person Lookup 618416"}},
{"2021-02-11T18:31:43.026Z":{"type":"verbose","log":"API: Route /services/sonarr/profiles/aba158c6-8bef-4ba0-9336-737aa5606bf8"}},
{"2021-02-11T18:31:43.027Z":{"type":"verbose","log":"API: Route /services/sonarr/profiles/fb89cffe-96cb-40a8-85de-220766e8a83b"}},
{"2021-02-11T18:32:45.386Z":{"type":"warn","log":"SERVICE - SONARR: ERR Connection failed"}},
{"2021-02-11T18:32:45.386Z":{"type":"verbose","log":"TMDB Show Lookup 115970"}},
