{"2021-02-11T18:23:48.518Z":{"type":"verbose","log":"API: Route /logs/stream"}},
{"2021-02-11T18:23:49.510Z":{"type":"verbose","log":"API: Route /logs/stream"}},
{"2021-02-11T18:23:50.832Z":{"type":"verbose","log":"API: Route /logs/stream"}},
{"2021-02-11T18:23:51.674Z":{"type":"verbose","log":"API: Route /logs/stream"}},
{"2021-02-11T18:23:52.690Z":{"type":"verbose","log":"API: Route /logs/stream"}},
{"2021-02-11T18:23:53.693Z":{"type":"verbose","log":"API: Route /logs/stream"}},
{"2021-02-11T18:23:54.741Z":{"type":"verbose","log":"API: Route /logs/stream"}},
{"2021-02-11T18:23:56.597Z":{"type":"info","log":"API: Petio API Version 0.3.12 alpha"}},
{"2021-02-11T18:23:56.597Z":{"type":"info","log":"API: API Starting"}},
{"2021-02-11T18:23:56.599Z":{"type":"verbose","log":"API: Non pkg env"}},
{"2021-02-11T18:23:56.599Z":{"type":"verbose","log":"API: Attempting to create config dir"}},
{"2021-02-11T18:23:56.599Z":{"type":"verbose","log":"API: config directory found"}},
{"2021-02-11T18:23:56.601Z":{"type":"info","log":"API: Starting server"}},
{"2021-02-11T18:23:56.602Z":{"type":"info","log":"API: Setting up routes"}},
{"2021-02-11T18:23:56.602Z":{"type":"verbose","log":"API: Config found setting routes"}},
{"2021-02-11T18:23:56.604Z":{"type":"verbose","log":"API: Listening on 7778 internally"}},
{"2021-02-11T18:23:56.604Z":{"type":"info","log":"API: Server entering listening state"}},
{"2021-02-11T18:23:56.604Z":{"type":"info","log":"API: Connecting to Database..."}},
{"2021-02-11T18:23:56.604Z":{"type":"verbose","log":"API: Attempting database connection"}},
{"2021-02-11T18:23:56.668Z":{"type":"verbose","log":"ROUTER: Serving admin route to /Users/ashleydyson/Documents/Petio/petio/views/admin"}},
{"2021-02-11T18:23:56.669Z":{"type":"verbose","log":"ROUTER: Serving frontend route to /Users/ashleydyson/Documents/Petio/petio/views/frontend"}},
{"2021-02-11T18:23:56.672Z":{"type":"verbose","log":"ROUTER: API proxy setup - Proxying /api -> /"}},
{"2021-02-11T18:23:56.673Z":{"type":"info","log":"ROUTER: Starting Petio wrapper"}},
{"2021-02-11T18:23:56.673Z":{"type":"verbose","log":"Getting base path from config"}},
{"2021-02-11T18:23:56.673Z":{"type":"verbose","log":"Config found base path not set"}},
{"2021-02-11T18:23:56.675Z":{"type":"info","log":"ROUTER: Base path found - /"}},
{"2021-02-11T18:23:56.694Z":{"type":"info","log":"API: Connected to Database"}},
{"2021-02-11T18:23:56.694Z":{"type":"verbose","log":"API: Registering Full Scan job"}},
{"2021-02-11T18:23:56.697Z":{"type":"verbose","log":"API: Registering Partial Scan job"}},
{"2021-02-11T18:23:56.698Z":{"type":"verbose","log":"API: Registering Quota reset job"}},
{"2021-02-11T18:23:56.699Z":{"type":"verbose","log":"API: Running init scan"}},
{"2021-02-11T18:23:56.699Z":{"type":"info","log":"LIB CRON: Running Full"}},
{"2021-02-11T18:23:56.720Z":{"type":"info","log":"LIB CRON: Admin Already Created, updating"}},
{"2021-02-11T18:23:56.750Z":{"type":"info","log":"LIB CRON: Found Libraries"}},
{"2021-02-11T18:23:56.776Z":{"type":"info","log":"LIB CRON: Library Updated Movies"}},
{"2021-02-11T18:23:56.776Z":{"type":"info","log":"LIB CRON: Library Updated Movies 4K"}},
{"2021-02-11T18:23:56.782Z":{"type":"info","log":"LIB CRON: Library Updated TV Shows"}},
{"2021-02-11T18:23:56.782Z":{"type":"info","log":"LIB CRON: Library Updated TV Shows 4K"}},
{"2021-02-11T18:23:56.782Z":{"type":"info","log":"LIB CRON: Library Updated Audio Books"}},
{"2021-02-11T18:23:56.783Z":{"type":"info","log":"LIB CRON: Library Updated Music"}},
{"2021-02-11T18:23:56.783Z":{"type":"info","log":"LIB CRON: Library Updated Home Videos | Ash"}},
{"2021-02-11T18:23:56.789Z":{"type":"info","log":"LIB CRON: Library Updated Home Videos | Chloe"}},
{"2021-02-11T18:23:56.790Z":{"type":"info","log":"LIB CRON: Library Updated TV Shows KIDS"}},
{"2021-02-11T18:23:59.514Z":{"type":"warn","log":"LIB CRON: Unable to fetch meta for Kourtney and Khloe Take the Hamptons"}},
{"2021-02-11T18:24:05.779Z":{"type":"warn","log":"ROUTER: Not found - /favicon/logo192.png | IP: ::1"}},
{"2021-02-11T18:24:05.920Z":{"type":"verbose","log":"API: Route /login"}},
{"2021-02-11T18:24:05.921Z":{"type":"info","log":"LOGIN: New login attempted"}},
{"2021-02-11T18:24:05.921Z":{"type":"info","log":"LOGIN: Request User: "}},
{"2021-02-11T18:24:05.921Z":{"type":"info","log":"LOGIN: Request IP: ::ffff:127.0.0.1"}},
{"2021-02-11T18:24:05.921Z":{"type":"info","log":"LOGIN: JWT Token Passed"}},
{"2021-02-11T18:24:05.923Z":{"type":"info","log":"LOGIN: Token fine"}},
{"2021-02-11T18:24:05.923Z":{"type":"info","log":"LOGIN: Token is admin"}},
{"2021-02-11T18:24:09.858Z":{"type":"info","log":"LOGIN: Admin user found"}},
{"2021-02-11T18:24:09.909Z":{"type":"verbose","log":"API: Route /user/all"}},
{"2021-02-11T18:24:11.401Z":{"type":"info","log":"MAILER: Parsing mail queue"}},
{"2021-02-11T18:24:11.402Z":{"type":"info","log":"LIB CRON: Full Scan Complete"}},
{"2021-02-11T18:28:32.080Z":{"type":"info","log":"API: Petio API Version 0.3.12 alpha"}},
{"2021-02-11T18:28:32.080Z":{"type":"info","log":"API: API Starting"}},
{"2021-02-11T18:28:32.081Z":{"type":"verbose","log":"API: Non pkg env"}},
{"2021-02-11T18:28:32.081Z":{"type":"verbose","log":"API: Attempting to create config dir"}},
{"2021-02-11T18:28:32.082Z":{"type":"verbose","log":"API: config directory found"}},
{"2021-02-11T18:28:32.084Z":{"type":"info","log":"API: Starting server"}},
{"2021-02-11T18:28:32.084Z":{"type":"info","log":"API: Setting up routes"}},
{"2021-02-11T18:28:32.084Z":{"type":"verbose","log":"API: Config found setting routes"}},
{"2021-02-11T18:28:32.086Z":{"type":"verbose","log":"API: Listening on 7778 internally"}},
{"2021-02-11T18:28:32.086Z":{"type":"info","log":"API: Server entering listening state"}},
{"2021-02-11T18:28:32.087Z":{"type":"info","log":"API: Connecting to Database..."}},
{"2021-02-11T18:28:32.087Z":{"type":"verbose","log":"API: Attempting database connection"}},
{"2021-02-11T18:28:32.157Z":{"type":"verbose","log":"ROUTER: Serving admin route to /Users/ashleydyson/Documents/Petio/petio/views/admin"}},
{"2021-02-11T18:28:32.158Z":{"type":"verbose","log":"ROUTER: Serving frontend route to /Users/ashleydyson/Documents/Petio/petio/views/frontend"}},
{"2021-02-11T18:28:32.162Z":{"type":"verbose","log":"ROUTER: API proxy setup - Proxying /api -> /"}},
{"2021-02-11T18:28:32.163Z":{"type":"info","log":"ROUTER: Starting Petio wrapper"}},
{"2021-02-11T18:28:32.163Z":{"type":"verbose","log":"Getting base path from config"}},
{"2021-02-11T18:28:32.163Z":{"type":"verbose","log":"Config found base path not set"}},
{"2021-02-11T18:28:32.166Z":{"type":"info","log":"ROUTER: Base path found - /"}},
{"2021-02-11T18:28:32.187Z":{"type":"info","log":"API: Connected to Database"}},
{"2021-02-11T18:28:32.187Z":{"type":"verbose","log":"API: Registering Full Scan job"}},
{"2021-02-11T18:28:32.191Z":{"type":"verbose","log":"API: Registering Partial Scan job"}},
{"2021-02-11T18:28:32.191Z":{"type":"verbose","log":"API: Registering Quota reset job"}},
{"2021-02-11T18:28:32.193Z":{"type":"verbose","log":"API: Running init scan"}},
{"2021-02-11T18:28:32.193Z":{"type":"info","log":"LIB CRON: Running Full"}},
{"2021-02-11T18:28:32.217Z":{"type":"info","log":"LIB CRON: Admin Already Created, updating"}},
{"2021-02-11T18:28:32.358Z":{"type":"info","log":"LIB CRON: Found Libraries"}},
{"2021-02-11T18:28:32.388Z":{"type":"info","log":"LIB CRON: Library Updated Movies"}},
{"2021-02-11T18:28:32.388Z":{"type":"info","log":"LIB CRON: Library Updated Movies 4K"}},
{"2021-02-11T18:28:32.389Z":{"type":"info","log":"LIB CRON: Library Updated TV Shows"}},
{"2021-02-11T18:28:32.389Z":{"type":"info","log":"LIB CRON: Library Updated TV Shows 4K"}},
{"2021-02-11T18:28:32.390Z":{"type":"info","log":"LIB CRON: Library Updated TV Shows KIDS"}},
{"2021-02-11T18:28:32.395Z":{"type":"info","log":"LIB CRON: Library Updated Audio Books"}},
{"2021-02-11T18:28:32.395Z":{"type":"info","log":"LIB CRON: Library Updated Music"}},
{"2021-02-11T18:28:32.396Z":{"type":"info","log":"LIB CRON: Library Updated Home Videos | Ash"}},
{"2021-02-11T18:28:32.397Z":{"type":"info","log":"LIB CRON: Library Updated Home Videos | Chloe"}},
{"2021-02-11T18:28:35.229Z":{"type":"warn","log":"LIB CRON: Unable to fetch meta for Kourtney and Khloe Take the Hamptons"}},
{"2021-02-11T18:28:45.842Z":{"type":"info","log":"MAILER: Parsing mail queue"}},
{"2021-02-11T18:28:45.842Z":{"type":"info","log":"LIB CRON: Full Scan Complete"}},
{"2021-02-11T18:28:48.791Z":{"type":"verbose","log":"API: Route /login"}},
{"2021-02-11T18:28:48.792Z":{"type":"info","log":"LOGIN: New login attempted"}},
{"2021-02-11T18:28:48.792Z":{"type":"info","log":"LOGIN: Request User: "}},
{"2021-02-11T18:28:48.792Z":{"type":"info","log":"LOGIN: Request IP: ::ffff:127.0.0.1"}},
{"2021-02-11T18:28:48.792Z":{"type":"info","log":"LOGIN: JWT Token Passed"}},
{"2021-02-11T18:28:48.794Z":{"type":"info","log":"LOGIN: Token fine"}},
{"2021-02-11T18:28:48.794Z":{"type":"info","log":"LOGIN: Token is admin"}},
{"2021-02-11T18:28:48.799Z":{"type":"info","log":"LOGIN: Admin user found"}},
{"2021-02-11T18:28:48.833Z":{"type":"verbose","log":"API: Route /user/all"}},
{"2021-02-11T18:29:08.171Z":{"type":"verbose","log":"API: Route /login"}},
{"2021-02-11T18:29:08.171Z":{"type":"info","log":"LOGIN: New login attempted"}},
{"2021-02-11T18:29:08.171Z":{"type":"info","log":"LOGIN: Request User: "}},
{"2021-02-11T18:29:08.171Z":{"type":"info","log":"LOGIN: Request IP: ::ffff:127.0.0.1"}},
{"2021-02-11T18:29:08.171Z":{"type":"info","log":"LOGIN: JWT Token Passed"}},
{"2021-02-11T18:29:08.172Z":{"type":"info","log":"LOGIN: Token fine"}},
{"2021-02-11T18:29:08.172Z":{"type":"info","log":"LOGIN: Token is admin"}},
{"2021-02-11T18:29:08.177Z":{"type":"info","log":"LOGIN: Admin user found"}},
{"2021-02-11T18:29:08.240Z":{"type":"verbose","log":"API: Route /trending"}},
{"2021-02-11T18:29:08.241Z":{"type":"verbose","log":"TMDB Trending lookup"}},
{"2021-02-11T18:29:08.241Z":{"type":"verbose","log":"Person from source not cache"}},
{"2021-02-11T18:29:08.245Z":{"type":"verbose","log":"API: Route /request/min"}},
{"2021-02-11T18:29:08.403Z":{"type":"verbose","log":"Movies from source not cache"}},
{"2021-02-11T18:29:08.544Z":{"type":"verbose","log":"Shows from source not cache"}},
{"2021-02-11T18:29:15.077Z":{"type":"verbose","log":"API: Route /movie/lookup/581032"}},
{"2021-02-11T18:29:15.078Z":{"type":"verbose","log":"TMDB Person Lookup 581032"}},
{"2021-02-11T18:29:15.079Z":{"type":"verbose","log":"API: Route /review/all/581032"}},
{"2021-02-11T18:29:15.465Z":{"type":"verbose","log":"API: Route /movie/lookup/582014/minified"}},
{"2021-02-11T18:29:15.465Z":{"type":"verbose","log":"TMDB Person Lookup 582014"}},
{"2021-02-11T18:29:15.469Z":{"type":"verbose","log":"API: Route /movie/lookup/480434/minified"}},
{"2021-02-11T18:29:15.469Z":{"type":"verbose","log":"TMDB Person Lookup 480434"}},
{"2021-02-11T18:29:15.475Z":{"type":"verbose","log":"API: Route /movie/lookup/596161/minified"}},
{"2021-02-11T18:29:15.475Z":{"type":"verbose","log":"TMDB Person Lookup 596161"}},
{"2021-02-11T18:29:15.478Z":{"type":"verbose","log":"API: Route /movie/lookup/661914/minified"}},
{"2021-02-11T18:29:15.478Z":{"type":"verbose","log":"TMDB Person Lookup 661914"}},
{"2021-02-11T18:29:15.479Z":{"type":"verbose","log":"API: Route /movie/lookup/549294/minified"}},
{"2021-02-11T18:29:15.480Z":{"type":"verbose","log":"TMDB Person Lookup 549294"}},
{"2021-02-11T18:29:15.482Z":{"type":"verbose","log":"API: Route /movie/lookup/581734/minified"}},
{"2021-02-11T18:29:15.482Z":{"type":"verbose","log":"TMDB Person Lookup 581734"}},
{"2021-02-11T18:29:15.589Z":{"type":"verbose","log":"API: Route /movie/lookup/529485/minified"}},
{"2021-02-11T18:29:15.589Z":{"type":"verbose","log":"TMDB Person Lookup 529485"}},
