2021-02-11T18:18:28.035Z info: API: Petio API Version 0.3.12 alpha
2021-02-11T18:18:28.036Z info: API: API Starting
2021-02-11T18:18:28.037Z verbose: API: Non pkg env
2021-02-11T18:18:28.037Z verbose: API: Attempting to create config dir
2021-02-11T18:18:28.038Z verbose: API: config directory found
2021-02-11T18:18:28.040Z info: API: Starting server
2021-02-11T18:18:28.040Z info: API: Setting up routes
2021-02-11T18:18:28.041Z verbose: API: Config found setting routes
2021-02-11T18:18:28.042Z verbose: API: Listening on 7778 internally
2021-02-11T18:18:28.042Z info: API: Server entering listening state
2021-02-11T18:18:28.043Z info: API: Connecting to Database...
2021-02-11T18:18:28.043Z verbose: API: Attempting database connection
2021-02-11T18:18:28.108Z verbose: ROUTER: Serving admin route to /Users/ashleydyson/Documents/Petio/petio/views/admin
2021-02-11T18:18:28.109Z verbose: ROUTER: Serving frontend route to /Users/ashleydyson/Documents/Petio/petio/views/frontend
2021-02-11T18:18:28.112Z verbose: ROUTER: API proxy setup - Proxying /api -> /
2021-02-11T18:18:28.112Z info: ROUTER: Starting Petio wrapper
2021-02-11T18:18:28.113Z verbose: Getting base path from config
2021-02-11T18:18:28.113Z verbose: Config found base path not set
2021-02-11T18:18:28.115Z info: ROUTER: Base path found - /
2021-02-11T18:18:28.133Z info: API: Connected to Database
2021-02-11T18:18:28.134Z verbose: API: Registering Full Scan job
2021-02-11T18:18:28.137Z verbose: API: Registering Partial Scan job
2021-02-11T18:18:28.137Z verbose: API: Registering Quota reset job
2021-02-11T18:18:28.139Z verbose: API: Running init scan
2021-02-11T18:18:28.139Z info: LIB CRON: Running Full
2021-02-11T18:18:28.160Z info: LIB CRON: Admin Already Created, updating
2021-02-11T18:18:28.190Z info: LIB CRON: Found Libraries
2021-02-11T18:18:28.209Z info: LIB CRON: Library Updated Movies
2021-02-11T18:18:28.215Z info: LIB CRON: Library Updated TV Shows 4K
2021-02-11T18:18:28.216Z info: LIB CRON: Library Updated TV Shows KIDS
2021-02-11T18:18:28.216Z info: LIB CRON: Library Updated Audio Books
2021-02-11T18:18:28.216Z info: LIB CRON: Library Updated Music
2021-02-11T18:18:28.217Z info: LIB CRON: Library Updated Movies 4K
2021-02-11T18:18:28.217Z info: LIB CRON: Library Updated TV Shows
2021-02-11T18:18:28.218Z info: LIB CRON: Library Updated Home Videos | Ash
2021-02-11T18:18:28.218Z info: LIB CRON: Library Updated Home Videos | Chloe
2021-02-11T18:18:31.171Z warn: LIB CRON: Unable to fetch meta for Kourtney and Khloe Take the Hamptons
2021-02-11T18:18:39.811Z info: LIB CRON: Show Added - The New York Times Presents
2021-02-11T18:18:41.288Z info: LIB CRON: Movie Added - Star Wars: The Clone Wars
2021-02-11T18:18:41.748Z info: MAILER: Parsing mail queue
2021-02-11T18:18:41.748Z info: LIB CRON: Full Scan Complete
2021-02-11T18:22:03.481Z warn: ROUTER: Not found - /favicon/logo192.png | IP: ::1
2021-02-11T18:22:30.192Z info: API: Petio API Version 0.3.12 alpha
2021-02-11T18:22:30.193Z info: API: API Starting
2021-02-11T18:22:30.194Z verbose: API: Non pkg env
2021-02-11T18:22:30.194Z verbose: API: Attempting to create config dir
2021-02-11T18:22:30.194Z verbose: API: config directory found
2021-02-11T18:22:30.197Z info: API: Starting server
2021-02-11T18:22:30.197Z info: API: Setting up routes
2021-02-11T18:22:30.197Z verbose: API: Config found setting routes
2021-02-11T18:22:30.199Z verbose: API: Listening on 7778 internally
2021-02-11T18:22:30.199Z info: API: Server entering listening state
2021-02-11T18:22:30.199Z info: API: Connecting to Database...
2021-02-11T18:22:30.199Z verbose: API: Attempting database connection
2021-02-11T18:22:30.262Z verbose: ROUTER: Serving admin route to /Users/ashleydyson/Documents/Petio/petio/views/admin
2021-02-11T18:22:30.263Z verbose: ROUTER: Serving frontend route to /Users/ashleydyson/Documents/Petio/petio/views/frontend
2021-02-11T18:22:30.266Z verbose: ROUTER: API proxy setup - Proxying /api -> /
2021-02-11T18:22:30.267Z info: ROUTER: Starting Petio wrapper
2021-02-11T18:22:30.267Z verbose: Getting base path from config
2021-02-11T18:22:30.267Z verbose: Config found base path not set
2021-02-11T18:22:30.269Z info: ROUTER: Base path found - /
2021-02-11T18:22:30.289Z info: API: Connected to Database
2021-02-11T18:22:30.289Z verbose: API: Registering Full Scan job
2021-02-11T18:22:30.292Z verbose: API: Registering Partial Scan job
2021-02-11T18:22:30.293Z verbose: API: Registering Quota reset job
2021-02-11T18:22:30.294Z verbose: API: Running init scan
2021-02-11T18:22:30.294Z info: LIB CRON: Running Full
2021-02-11T18:22:30.314Z info: LIB CRON: Admin Already Created, updating
2021-02-11T18:22:30.343Z info: LIB CRON: Found Libraries
2021-02-11T18:22:30.370Z info: LIB CRON: Library Updated Movies
2021-02-11T18:22:30.371Z info: LIB CRON: Library Updated Movies 4K
2021-02-11T18:22:30.371Z info: LIB CRON: Library Updated TV Shows
2021-02-11T18:22:30.372Z info: LIB CRON: Library Updated TV Shows 4K
2021-02-11T18:22:30.372Z info: LIB CRON: Library Updated TV Shows KIDS
2021-02-11T18:22:30.375Z info: LIB CRON: Library Updated Music
2021-02-11T18:22:30.376Z info: LIB CRON: Library Updated Audio Books
2021-02-11T18:22:30.376Z info: LIB CRON: Library Updated Home Videos | Ash
2021-02-11T18:22:30.377Z info: LIB CRON: Library Updated Home Videos | Chloe
2021-02-11T18:22:33.362Z warn: LIB CRON: Unable to fetch meta for Kourtney and Khloe Take the Hamptons
2021-02-11T18:22:33.811Z warn: ROUTER: Not found - /favicon/logo192.png | IP: ::1
2021-02-11T18:22:43.906Z info: MAILER: Parsing mail queue
2021-02-11T18:22:43.906Z info: LIB CRON: Full Scan Complete
2021-02-11T18:22:57.146Z verbose: API: Route /login
2021-02-11T18:22:57.148Z info: LOGIN: New login attempted
2021-02-11T18:22:57.148Z info: LOGIN: Request User: Ash Dyson
2021-02-11T18:22:57.148Z info: LOGIN: Request IP: ::ffff:127.0.0.1
2021-02-11T18:22:57.148Z info: LOGIN: Standard auth
2021-02-11T18:22:57.148Z info: LOGIN: User is admin
2021-02-11T18:22:57.157Z info: LOGIN: Admin user found
2021-02-11T18:22:57.211Z verbose: API: Route /request/min
2021-02-11T18:22:57.214Z verbose: API: Route /history/server
2021-02-11T18:22:57.224Z verbose: API: Route /history/bandwidth
2021-02-11T18:22:57.226Z verbose: API: Route /sessions
2021-02-11T18:22:57.227Z verbose: API: Route /issue/all
2021-02-11T18:22:57.229Z verbose: API: Route /user/all
2021-02-11T18:22:57.256Z verbose: API: Route /show/lookup/1215
2021-02-11T18:22:57.257Z verbose: TMDB Show Lookup 1215
2021-02-11T18:22:57.262Z verbose: API: Route /show/lookup/1274
2021-02-11T18:22:57.262Z verbose: TMDB Show Lookup 1274
2021-02-11T18:22:57.267Z verbose: API: Route /show/lookup/47323
2021-02-11T18:22:57.268Z verbose: TMDB Show Lookup 47323
2021-02-11T18:22:57.269Z verbose: API: Route /show/lookup/67232
2021-02-11T18:22:57.269Z verbose: TMDB Show Lookup 67232
2021-02-11T18:22:57.270Z verbose: API: Route /show/lookup/47450
2021-02-11T18:22:57.271Z verbose: TMDB Show Lookup 47450
2021-02-11T18:22:57.273Z verbose: API: Route /show/lookup/76811
2021-02-11T18:22:57.273Z verbose: TMDB Show Lookup 76811
2021-02-11T18:22:57.846Z verbose: API: Route /show/lookup/88396
2021-02-11T18:22:57.846Z verbose: TMDB Show Lookup 88396
2021-02-11T18:22:57.847Z verbose: API: Route /show/lookup/87049
2021-02-11T18:22:57.847Z verbose: TMDB Show Lookup 87049
2021-02-11T18:22:57.849Z verbose: API: Route /show/lookup/95205
2021-02-11T18:22:57.849Z verbose: TMDB Show Lookup 95205
2021-02-11T18:22:57.850Z verbose: API: Route /show/lookup/97175
2021-02-11T18:22:57.851Z verbose: TMDB Show Lookup 97175
2021-02-11T18:22:57.881Z verbose: API: Route /show/lookup/115970
2021-02-11T18:22:57.881Z verbose: TMDB Show Lookup 115970
2021-02-11T18:22:57.894Z verbose: API: Route /show/lookup/93741
2021-02-11T18:22:57.894Z verbose: TMDB Show Lookup 93741
2021-02-11T18:22:58.277Z verbose: API: Route /show/lookup/116034
2021-02-11T18:22:58.278Z verbose: TMDB Show Lookup 116034
2021-02-11T18:22:58.303Z verbose: API: Route /show/lookup/116249
2021-02-11T18:22:58.303Z verbose: TMDB Show Lookup 116249
2021-02-11T18:22:58.318Z verbose: API: Route /movie/lookup/399566
2021-02-11T18:22:58.318Z verbose: TMDB Person Lookup 399566
2021-02-11T18:22:58.345Z verbose: API: Route /movie/lookup/532865
2021-02-11T18:22:58.345Z verbose: TMDB Person Lookup 532865
2021-02-11T18:22:58.365Z verbose: API: Route /movie/lookup/539617
2021-02-11T18:22:58.365Z verbose: TMDB Person Lookup 539617
2021-02-11T18:22:58.379Z verbose: API: Route /movie/lookup/565743
2021-02-11T18:22:58.379Z verbose: TMDB Person Lookup 565743
2021-02-11T18:22:58.596Z verbose: API: Route /movie/lookup/575776
2021-02-11T18:22:58.596Z verbose: TMDB Person Lookup 575776
2021-02-11T18:22:58.619Z verbose: API: Route /movie/lookup/587996
2021-02-11T18:22:58.619Z verbose: TMDB Person Lookup 587996
2021-02-11T18:22:58.622Z verbose: API: Route /movie/lookup/618416
2021-02-11T18:22:58.622Z verbose: TMDB Person Lookup 618416
2021-02-11T18:22:58.644Z verbose: API: Route /movie/lookup/613911
2021-02-11T18:22:58.645Z verbose: TMDB Person Lookup 613911
2021-02-11T18:22:58.705Z verbose: API: Route /user/all
2021-02-11T18:22:58.718Z verbose: API: Route /movie/lookup/644083
2021-02-11T18:22:58.718Z verbose: TMDB Person Lookup 644083
2021-02-11T18:22:58.813Z verbose: API: Route /movie/lookup/644092
2021-02-11T18:22:58.814Z verbose: TMDB Person Lookup 644092
2021-02-11T18:22:58.856Z verbose: API: Route /movie/lookup/777620
2021-02-11T18:22:58.856Z verbose: TMDB Person Lookup 777620
2021-02-11T18:22:58.876Z verbose: API: Route /plex/lookup/tv/136577
2021-02-11T18:22:58.884Z verbose: API: Route /plex/lookup/tv/9560
2021-02-11T18:22:58.891Z verbose: API: Route /user/thumb/13699112
2021-02-11T18:22:58.893Z verbose: API: Route /user/thumb/11397307
2021-02-11T18:22:58.967Z verbose: API: Route /history/bandwidth
2021-02-11T18:22:58.996Z verbose: API: Route /plex/lookup/tv/136577
2021-02-11T18:22:59.002Z verbose: API: Route /plex/lookup/tv/9560
2021-02-11T18:22:59.009Z verbose: API: Route /show/lookup/85904/minified
2021-02-11T18:22:59.009Z verbose: TMDB Show Lookup 85904
2021-02-11T18:22:59.028Z verbose: API: Route /show/lookup/11105/minified
2021-02-11T18:22:59.028Z verbose: TMDB Show Lookup 11105
2021-02-11T18:22:59.059Z verbose: API: Route /plex/lookup/tv/136577
2021-02-11T18:22:59.065Z verbose: API: Route /plex/lookup/tv/9560
2021-02-11T18:22:59.071Z verbose: API: Route /plex/lookup/tv/136577
2021-02-11T18:22:59.078Z verbose: API: Route /plex/lookup/tv/9560
2021-02-11T18:22:59.083Z verbose: API: Route /plex/lookup/tv/136577
2021-02-11T18:22:59.090Z verbose: API: Route /plex/lookup/tv/9560
2021-02-11T18:22:59.098Z verbose: API: Route /plex/lookup/tv/136577
2021-02-11T18:22:59.099Z verbose: API: Route /plex/lookup/tv/9560
2021-02-11T18:22:59.110Z verbose: API: Route /plex/lookup/tv/9560
2021-02-11T18:22:59.110Z verbose: API: Route /plex/lookup/tv/136577
2021-02-11T18:22:59.116Z verbose: API: Route /plex/lookup/tv/9560
2021-02-11T18:22:59.117Z verbose: API: Route /plex/lookup/tv/136577
2021-02-11T18:22:59.124Z verbose: API: Route /plex/lookup/tv/9560
2021-02-11T18:22:59.125Z verbose: API: Route /plex/lookup/tv/136577
2021-02-11T18:22:59.131Z verbose: API: Route /plex/lookup/tv/9560
2021-02-11T18:22:59.134Z verbose: API: Route /plex/lookup/tv/136577
2021-02-11T18:22:59.141Z verbose: API: Route /plex/lookup/tv/9560
2021-02-11T18:22:59.143Z verbose: API: Route /plex/lookup/tv/136577
2021-02-11T18:22:59.149Z verbose: API: Route /plex/lookup/tv/9560
2021-02-11T18:22:59.152Z verbose: API: Route /plex/lookup/tv/136577
2021-02-11T18:22:59.159Z verbose: API: Route /plex/lookup/tv/9560
2021-02-11T18:22:59.161Z verbose: API: Route /plex/lookup/tv/136577
2021-02-11T18:22:59.168Z verbose: API: Route /plex/lookup/tv/9560
2021-02-11T18:22:59.173Z verbose: API: Route /plex/lookup/tv/136577
2021-02-11T18:22:59.176Z verbose: API: Route /plex/lookup/tv/9560
2021-02-11T18:22:59.182Z verbose: API: Route /plex/lookup/tv/136577
2021-02-11T18:22:59.183Z verbose: API: Route /plex/lookup/tv/9560
2021-02-11T18:22:59.190Z verbose: API: Route /plex/lookup/tv/136577
2021-02-11T18:22:59.193Z verbose: API: Route /plex/lookup/tv/9560
2021-02-11T18:22:59.199Z verbose: API: Route /plex/lookup/tv/136577
2021-02-11T18:22:59.200Z verbose: API: Route /plex/lookup/tv/9560
2021-02-11T18:22:59.210Z verbose: API: Route /plex/lookup/tv/136577
2021-02-11T18:22:59.211Z verbose: API: Route /plex/lookup/tv/9560
2021-02-11T18:22:59.218Z verbose: API: Route /plex/lookup/tv/136577
2021-02-11T18:22:59.219Z verbose: API: Route /plex/lookup/tv/9560
2021-02-11T18:22:59.227Z verbose: API: Route /plex/lookup/tv/136577
2021-02-11T18:22:59.228Z verbose: API: Route /plex/lookup/tv/9560
2021-02-11T18:22:59.236Z verbose: API: Route /plex/lookup/tv/136577
2021-02-11T18:22:59.238Z verbose: API: Route /plex/lookup/tv/9560
2021-02-11T18:22:59.245Z verbose: API: Route /plex/lookup/tv/136577
2021-02-11T18:22:59.247Z verbose: API: Route /plex/lookup/tv/9560
2021-02-11T18:22:59.253Z verbose: API: Route /plex/lookup/tv/136577
2021-02-11T18:22:59.254Z verbose: API: Route /plex/lookup/tv/9560
2021-02-11T18:22:59.260Z verbose: API: Route /plex/lookup/tv/9560
2021-02-11T18:22:59.262Z verbose: API: Route /plex/lookup/tv/136577
2021-02-11T18:22:59.265Z verbose: API: Route /history/bandwidth
2021-02-11T18:23:00.194Z verbose: API: Route /history/bandwidth
2021-02-11T18:23:01.191Z verbose: API: Route /history/bandwidth
2021-02-11T18:23:02.164Z verbose: API: Route /mail/config
2021-02-11T18:23:02.174Z verbose: API: Route /config/current
2021-02-11T18:23:04.934Z verbose: API: Route /logs/stream
2021-02-11T18:23:05.936Z verbose: API: Route /logs/stream
2021-02-11T18:23:06.933Z verbose: API: Route /logs/stream
2021-02-11T18:23:07.934Z verbose: API: Route /logs/stream
2021-02-11T18:23:08.933Z verbose: API: Route /logs/stream
2021-02-11T18:23:09.934Z verbose: API: Route /logs/stream
2021-02-11T18:23:10.937Z verbose: API: Route /logs/stream
2021-02-11T18:23:11.935Z verbose: API: Route /logs/stream
2021-02-11T18:23:12.935Z verbose: API: Route /logs/stream
2021-02-11T18:23:13.936Z verbose: API: Route /logs/stream
2021-02-11T18:23:14.938Z verbose: API: Route /logs/stream
2021-02-11T18:23:15.936Z verbose: API: Route /logs/stream
2021-02-11T18:23:16.932Z verbose: API: Route /logs/stream
2021-02-11T18:23:17.932Z verbose: API: Route /logs/stream
2021-02-11T18:23:18.936Z verbose: API: Route /logs/stream
2021-02-11T18:23:19.936Z verbose: API: Route /logs/stream
2021-02-11T18:23:20.938Z verbose: API: Route /logs/stream
2021-02-11T18:23:21.934Z verbose: API: Route /logs/stream
2021-02-11T18:23:22.931Z verbose: API: Route /logs/stream
2021-02-11T18:23:23.939Z verbose: API: Route /logs/stream
2021-02-11T18:23:24.934Z verbose: API: Route /logs/stream
2021-02-11T18:23:25.936Z verbose: API: Route /logs/stream
2021-02-11T18:23:26.933Z verbose: API: Route /logs/stream
2021-02-11T18:23:28.700Z verbose: API: Route /logs/stream
2021-02-11T18:23:29.635Z verbose: API: Route /logs/stream
2021-02-11T18:23:30.770Z verbose: API: Route /logs/stream
2021-02-11T18:23:31.685Z verbose: API: Route /logs/stream
2021-02-11T18:23:32.744Z verbose: API: Route /logs/stream
2021-02-11T18:23:33.715Z verbose: API: Route /logs/stream
2021-02-11T18:23:34.750Z verbose: API: Route /logs/stream
2021-02-11T18:23:35.437Z verbose: API: Route /logs/stream
2021-02-11T18:23:36.639Z verbose: API: Route /logs/stream
2021-02-11T18:23:37.597Z verbose: API: Route /logs/stream
2021-02-11T18:23:38.790Z verbose: API: Route /logs/stream
2021-02-11T18:23:39.706Z verbose: API: Route /logs/stream
2021-02-11T18:23:40.711Z verbose: API: Route /logs/stream
2021-02-11T18:23:41.724Z verbose: API: Route /logs/stream
2021-02-11T18:23:42.659Z verbose: API: Route /logs/stream
2021-02-11T18:23:43.765Z verbose: API: Route /logs/stream
2021-02-11T18:23:44.692Z verbose: API: Route /logs/stream
2021-02-11T18:23:45.114Z verbose: API: Route /logs/stream
2021-02-11T18:23:45.933Z verbose: API: Route /logs/stream
2021-02-11T18:23:46.935Z verbose: API: Route /logs/stream
2021-02-11T18:23:48.518Z verbose: API: Route /logs/stream
2021-02-11T18:23:49.510Z verbose: API: Route /logs/stream
2021-02-11T18:23:50.832Z verbose: API: Route /logs/stream
2021-02-11T18:23:51.674Z verbose: API: Route /logs/stream
2021-02-11T18:23:52.690Z verbose: API: Route /logs/stream
2021-02-11T18:23:53.693Z verbose: API: Route /logs/stream
2021-02-11T18:23:54.741Z verbose: API: Route /logs/stream
2021-02-11T18:23:56.596Z info: API: Petio API Version 0.3.12 alpha
2021-02-11T18:23:56.597Z info: API: API Starting
2021-02-11T18:23:56.599Z verbose: API: Non pkg env
2021-02-11T18:23:56.599Z verbose: API: Attempting to create config dir
2021-02-11T18:23:56.599Z verbose: API: config directory found
2021-02-11T18:23:56.601Z info: API: Starting server
2021-02-11T18:23:56.602Z info: API: Setting up routes
2021-02-11T18:23:56.602Z verbose: API: Config found setting routes
2021-02-11T18:23:56.604Z verbose: API: Listening on 7778 internally
2021-02-11T18:23:56.604Z info: API: Server entering listening state
2021-02-11T18:23:56.604Z info: API: Connecting to Database...
2021-02-11T18:23:56.604Z verbose: API: Attempting database connection
2021-02-11T18:23:56.668Z verbose: ROUTER: Serving admin route to /Users/ashleydyson/Documents/Petio/petio/views/admin
2021-02-11T18:23:56.669Z verbose: ROUTER: Serving frontend route to /Users/ashleydyson/Documents/Petio/petio/views/frontend
2021-02-11T18:23:56.672Z verbose: ROUTER: API proxy setup - Proxying /api -> /
2021-02-11T18:23:56.673Z info: ROUTER: Starting Petio wrapper
2021-02-11T18:23:56.673Z verbose: Getting base path from config
2021-02-11T18:23:56.673Z verbose: Config found base path not set
2021-02-11T18:23:56.675Z info: ROUTER: Base path found - /
2021-02-11T18:23:56.694Z info: API: Connected to Database
2021-02-11T18:23:56.694Z verbose: API: Registering Full Scan job
2021-02-11T18:23:56.697Z verbose: API: Registering Partial Scan job
2021-02-11T18:23:56.698Z verbose: API: Registering Quota reset job
2021-02-11T18:23:56.699Z verbose: API: Running init scan
2021-02-11T18:23:56.699Z info: LIB CRON: Running Full
2021-02-11T18:23:56.720Z info: LIB CRON: Admin Already Created, updating
2021-02-11T18:23:56.750Z info: LIB CRON: Found Libraries
2021-02-11T18:23:56.776Z info: LIB CRON: Library Updated Movies
2021-02-11T18:23:56.776Z info: LIB CRON: Library Updated Movies 4K
2021-02-11T18:23:56.782Z info: LIB CRON: Library Updated TV Shows
2021-02-11T18:23:56.782Z info: LIB CRON: Library Updated TV Shows 4K
2021-02-11T18:23:56.782Z info: LIB CRON: Library Updated Audio Books
2021-02-11T18:23:56.783Z info: LIB CRON: Library Updated Music
2021-02-11T18:23:56.783Z info: LIB CRON: Library Updated Home Videos | Ash
2021-02-11T18:23:56.789Z info: LIB CRON: Library Updated Home Videos | Chloe
2021-02-11T18:23:56.790Z info: LIB CRON: Library Updated TV Shows KIDS
2021-02-11T18:23:59.514Z warn: LIB CRON: Unable to fetch meta for Kourtney and Khloe Take the Hamptons
2021-02-11T18:24:05.778Z warn: ROUTER: Not found - /favicon/logo192.png | IP: ::1
2021-02-11T18:24:05.920Z verbose: API: Route /login
2021-02-11T18:24:05.921Z info: LOGIN: New login attempted
2021-02-11T18:24:05.921Z info: LOGIN: Request User: 
2021-02-11T18:24:05.921Z info: LOGIN: Request IP: ::ffff:127.0.0.1
2021-02-11T18:24:05.921Z info: LOGIN: JWT Token Passed
2021-02-11T18:24:05.923Z info: LOGIN: Token fine
2021-02-11T18:24:05.923Z info: LOGIN: Token is admin
2021-02-11T18:24:09.858Z info: LOGIN: Admin user found
2021-02-11T18:24:09.909Z verbose: API: Route /user/all
2021-02-11T18:24:11.401Z info: MAILER: Parsing mail queue
2021-02-11T18:24:11.402Z info: LIB CRON: Full Scan Complete
2021-02-11T18:28:32.079Z info: API: Petio API Version 0.3.12 alpha
2021-02-11T18:28:32.080Z info: API: API Starting
2021-02-11T18:28:32.081Z verbose: API: Non pkg env
2021-02-11T18:28:32.081Z verbose: API: Attempting to create config dir
2021-02-11T18:28:32.082Z verbose: API: config directory found
2021-02-11T18:28:32.084Z info: API: Starting server
2021-02-11T18:28:32.084Z info: API: Setting up routes
2021-02-11T18:28:32.084Z verbose: API: Config found setting routes
2021-02-11T18:28:32.086Z verbose: API: Listening on 7778 internally
2021-02-11T18:28:32.086Z info: API: Server entering listening state
2021-02-11T18:28:32.087Z info: API: Connecting to Database...
2021-02-11T18:28:32.087Z verbose: API: Attempting database connection
2021-02-11T18:28:32.157Z verbose: ROUTER: Serving admin route to /Users/ashleydyson/Documents/Petio/petio/views/admin
2021-02-11T18:28:32.158Z verbose: ROUTER: Serving frontend route to /Users/ashleydyson/Documents/Petio/petio/views/frontend
2021-02-11T18:28:32.162Z verbose: ROUTER: API proxy setup - Proxying /api -> /
2021-02-11T18:28:32.163Z info: ROUTER: Starting Petio wrapper
2021-02-11T18:28:32.163Z verbose: Getting base path from config
2021-02-11T18:28:32.163Z verbose: Config found base path not set
2021-02-11T18:28:32.166Z info: ROUTER: Base path found - /
2021-02-11T18:28:32.187Z info: API: Connected to Database
2021-02-11T18:28:32.187Z verbose: API: Registering Full Scan job
2021-02-11T18:28:32.191Z verbose: API: Registering Partial Scan job
2021-02-11T18:28:32.191Z verbose: API: Registering Quota reset job
2021-02-11T18:28:32.192Z verbose: API: Running init scan
2021-02-11T18:28:32.193Z info: LIB CRON: Running Full
2021-02-11T18:28:32.217Z info: LIB CRON: Admin Already Created, updating
2021-02-11T18:28:32.358Z info: LIB CRON: Found Libraries
2021-02-11T18:28:32.388Z info: LIB CRON: Library Updated Movies
2021-02-11T18:28:32.388Z info: LIB CRON: Library Updated Movies 4K
2021-02-11T18:28:32.389Z info: LIB CRON: Library Updated TV Shows
2021-02-11T18:28:32.389Z info: LIB CRON: Library Updated TV Shows 4K
2021-02-11T18:28:32.389Z info: LIB CRON: Library Updated TV Shows KIDS
2021-02-11T18:28:32.395Z info: LIB CRON: Library Updated Audio Books
2021-02-11T18:28:32.395Z info: LIB CRON: Library Updated Music
2021-02-11T18:28:32.396Z info: LIB CRON: Library Updated Home Videos | Ash
2021-02-11T18:28:32.397Z info: LIB CRON: Library Updated Home Videos | Chloe
2021-02-11T18:28:35.229Z warn: LIB CRON: Unable to fetch meta for Kourtney and Khloe Take the Hamptons
2021-02-11T18:28:45.842Z info: MAILER: Parsing mail queue
2021-02-11T18:28:45.842Z info: LIB CRON: Full Scan Complete
2021-02-11T18:28:48.791Z verbose: API: Route /login
2021-02-11T18:28:48.792Z info: LOGIN: New login attempted
2021-02-11T18:28:48.792Z info: LOGIN: Request User: 
2021-02-11T18:28:48.792Z info: LOGIN: Request IP: ::ffff:127.0.0.1
2021-02-11T18:28:48.792Z info: LOGIN: JWT Token Passed
2021-02-11T18:28:48.794Z info: LOGIN: Token fine
2021-02-11T18:28:48.794Z info: LOGIN: Token is admin
2021-02-11T18:28:48.799Z info: LOGIN: Admin user found
2021-02-11T18:28:48.833Z verbose: API: Route /user/all
2021-02-11T18:29:08.171Z verbose: API: Route /login
2021-02-11T18:29:08.171Z info: LOGIN: New login attempted
2021-02-11T18:29:08.171Z info: LOGIN: Request User: 
2021-02-11T18:29:08.171Z info: LOGIN: Request IP: ::ffff:127.0.0.1
2021-02-11T18:29:08.171Z info: LOGIN: JWT Token Passed
2021-02-11T18:29:08.172Z info: LOGIN: Token fine
2021-02-11T18:29:08.172Z info: LOGIN: Token is admin
2021-02-11T18:29:08.177Z info: LOGIN: Admin user found
2021-02-11T18:29:08.240Z verbose: API: Route /trending
2021-02-11T18:29:08.241Z verbose: TMDB Trending lookup
2021-02-11T18:29:08.241Z verbose: Person from source not cache
2021-02-11T18:29:08.245Z verbose: API: Route /request/min
2021-02-11T18:29:08.403Z verbose: Movies from source not cache
2021-02-11T18:29:08.544Z verbose: Shows from source not cache
2021-02-11T18:29:15.077Z verbose: API: Route /movie/lookup/581032
2021-02-11T18:29:15.078Z verbose: TMDB Person Lookup 581032
2021-02-11T18:29:15.079Z verbose: API: Route /review/all/581032
2021-02-11T18:29:15.465Z verbose: API: Route /movie/lookup/582014/minified
2021-02-11T18:29:15.465Z verbose: TMDB Person Lookup 582014
2021-02-11T18:29:15.469Z verbose: API: Route /movie/lookup/480434/minified
2021-02-11T18:29:15.469Z verbose: TMDB Person Lookup 480434
2021-02-11T18:29:15.475Z verbose: API: Route /movie/lookup/596161/minified
2021-02-11T18:29:15.475Z verbose: TMDB Person Lookup 596161
2021-02-11T18:29:15.477Z verbose: API: Route /movie/lookup/661914/minified
2021-02-11T18:29:15.478Z verbose: TMDB Person Lookup 661914
2021-02-11T18:29:15.479Z verbose: API: Route /movie/lookup/549294/minified
2021-02-11T18:29:15.480Z verbose: TMDB Person Lookup 549294
2021-02-11T18:29:15.481Z verbose: API: Route /movie/lookup/581734/minified
2021-02-11T18:29:15.482Z verbose: TMDB Person Lookup 581734
2021-02-11T18:29:15.589Z verbose: API: Route /movie/lookup/529485/minified
2021-02-11T18:29:15.589Z verbose: TMDB Person Lookup 529485
2021-02-11T18:29:15.606Z verbose: API: Route /movie/lookup/615643/minified
2021-02-11T18:29:15.606Z verbose: TMDB Person Lookup 615643
2021-02-11T18:29:15.613Z verbose: API: Route /movie/lookup/675327/minified
2021-02-11T18:29:15.613Z verbose: TMDB Person Lookup 675327
2021-02-11T18:29:15.619Z verbose: API: Route /movie/lookup/530723/minified
2021-02-11T18:29:15.619Z verbose: TMDB Person Lookup 530723
2021-02-11T18:29:15.620Z verbose: API: Route /movie/lookup/652004/minified
2021-02-11T18:29:15.621Z verbose: TMDB Person Lookup 652004
2021-02-11T18:29:15.626Z verbose: API: Route /movie/lookup/595671/minified
2021-02-11T18:29:15.626Z verbose: TMDB Person Lookup 595671
2021-02-11T18:29:15.724Z verbose: API: Route /movie/lookup/506528/minified
2021-02-11T18:29:15.724Z verbose: TMDB Person Lookup 506528
2021-02-11T18:29:15.733Z verbose: API: Route /movie/lookup/553604/minified
2021-02-11T18:29:15.733Z verbose: TMDB Person Lookup 553604
2021-02-11T18:30:00.005Z info: CRON: Partial Scan Started @ Thu Feb 11 2021
2021-02-11T18:30:00.005Z info: LIB CRON: Running Partial
2021-02-11T18:30:04.056Z info: LIB CRON: Recently Added received
2021-02-11T18:30:04.058Z warn: LIB CRON: Partial scan type not found - album
2021-02-11T18:30:04.070Z info: LIB CRON: Partial scan - Crime Scene: The Vanishing at the Cecil Hotel - Built from series
2021-02-11T18:30:04.071Z info: LIB CRON: Partial scan - Rescue Me - Built from series
2021-02-11T18:30:04.073Z info: LIB CRON: Partial scan - The Good Wife - Built from series
2021-02-11T18:30:04.073Z info: LIB CRON: Partial scan - Teen Mom OG - Built from series
2021-02-11T18:30:04.074Z info: LIB CRON: Partial scan - The New York Times Presents - Built from series
2021-02-11T18:30:04.075Z info: LIB CRON: Partial scan - Fauda - Built from series
2021-02-11T18:30:04.076Z info: LIB CRON: Partial scan - Star Wars: The Clone Wars
2021-02-11T18:30:04.076Z info: LIB CRON: Partial scan - One Cut of the Dead
2021-02-11T18:30:04.081Z info: LIB CRON: Partial scan - Marvel's Agent Carter - Built from series
2021-02-11T18:30:04.081Z info: LIB CRON: Partial scan - Marvel One-Shot: Agent Carter
2021-02-11T18:30:04.081Z info: LIB CRON: Partial scan - Police Interceptors - Built from series
2021-02-11T18:30:04.082Z info: LIB CRON: Partial scan - Traffic Cops - Built from series
2021-02-11T18:30:04.082Z info: LIB CRON: Partial scan - Ordeal by Innocence - Built from series
2021-02-11T18:30:04.083Z info: LIB CRON: Partial scan - 999: What's Your Emergency? - Built from series
2021-02-11T18:30:04.083Z info: LIB CRON: Partial scan - Impractical Jokers - Built from series
2021-02-11T18:30:04.084Z info: LIB CRON: Partial scan - Hillbilly Elegy
2021-02-11T18:30:04.084Z info: LIB CRON: Partial scan - Horizon Line
2021-02-11T18:30:04.084Z info: LIB CRON: Partial scan - The Great North - Built from series
2021-02-11T18:30:04.089Z info: LIB CRON: Partial scan - Scream Queens - Built from series
2021-02-11T18:30:04.090Z info: LIB CRON: Partial scan - The Longest Yard
2021-02-11T18:30:04.090Z info: LIB CRON: Partial scan - 24 Hours in A&E - Built from series
2021-02-11T18:30:04.091Z info: LIB CRON: Partial scan - Killer in Question - Built from series
2021-02-11T18:30:04.091Z info: LIB CRON: Partial scan - Stick It
2021-02-11T18:30:04.091Z info: LIB CRON: Partial scan - Tehran - Built from series
2021-02-11T18:30:04.092Z info: LIB CRON: Partial scan - Desperate Housewives - Built from series
2021-02-11T18:30:04.092Z info: LIB CRON: Partial scan - Life After Beth
2021-02-11T18:30:04.093Z info: LIB CRON: Partial scan - SIX - Built from series
2021-02-11T18:30:04.095Z info: LIB CRON: Partial scan - The Last Kingdom - Built from series
2021-02-11T18:30:04.096Z info: LIB CRON: Partial scan - Tiger - Built from series
2021-02-11T18:30:04.097Z info: LIB CRON: Partial scan - Palmer
2021-02-11T18:30:04.097Z info: LIB CRON: Partial scan - Rookie Blue - Built from series
2021-02-11T18:30:04.097Z info: LIB CRON: Partial scan - Hate Thy Neighbor - Built from series
2021-02-11T18:30:04.098Z info: LIB CRON: Partial scan - Temptation Island (2019) - Built from series
2021-02-11T18:30:04.099Z info: LIB CRON: Partial scan - Black Knight
2021-02-11T18:30:04.099Z info: LIB CRON: Partial scan - Addicted to Fresno
2021-02-11T18:30:04.100Z info: LIB CRON: Partial scan - The Farewell
2021-02-11T18:30:04.101Z info: MAILER: Parsing mail queue
2021-02-11T18:30:04.102Z info: LIB CRON: Partial Scan Complete
2021-02-11T18:30:14.467Z verbose: API: Route /services/radarr/config
2021-02-11T18:30:14.471Z verbose: API: Route /request/min
2021-02-11T18:30:14.473Z verbose: API: Route /request/all
2021-02-11T18:30:14.485Z verbose: API: Route /services/sonarr/config
2021-02-11T18:30:14.514Z verbose: API: Route /services/radarr/paths/f76567a5-7adb-4f16-8acd-63904027750c
2021-02-11T18:30:27.520Z verbose: API: Route /services/radarr/profiles/f76567a5-7adb-4f16-8acd-63904027750c
2021-02-11T18:30:27.535Z verbose: API: Route /services/sonarr/paths/fb89cffe-96cb-40a8-85de-220766e8a83b
2021-02-11T18:30:27.536Z verbose: API: Route /services/sonarr/paths/aba158c6-8bef-4ba0-9336-737aa5606bf8
2021-02-11T18:31:29.932Z warn: SERVICE - SONARR: ERR Connection failed
2021-02-11T18:31:29.983Z verbose: TMDB Show Lookup 76811
2021-02-11T18:31:29.984Z verbose: TMDB Show Lookup 97175
2021-02-11T18:31:29.984Z verbose: TMDB Person Lookup 532865
2021-02-11T18:31:29.985Z verbose: TMDB Person Lookup 587996
2021-02-11T18:31:29.985Z verbose: TMDB Person Lookup 565743
2021-02-11T18:31:29.985Z verbose: TMDB Person Lookup 539617
2021-02-11T18:31:29.985Z verbose: TMDB Show Lookup 116034
2021-02-11T18:31:29.985Z verbose: TMDB Person Lookup 399566
2021-02-11T18:31:29.985Z verbose: TMDB Show Lookup 93741
2021-02-11T18:31:29.985Z verbose: TMDB Person Lookup 644083
2021-02-11T18:31:29.985Z verbose: TMDB Person Lookup 644092
2021-02-11T18:31:29.985Z verbose: TMDB Person Lookup 575776
2021-02-11T18:31:29.986Z verbose: TMDB Show Lookup 1274
2021-02-11T18:31:29.986Z verbose: TMDB Show Lookup 1215
2021-02-11T18:31:29.987Z verbose: TMDB Show Lookup 47450
2021-02-11T18:31:29.987Z verbose: TMDB Show Lookup 67232
2021-02-11T18:31:29.987Z verbose: TMDB Show Lookup 47323
2021-02-11T18:31:29.987Z verbose: TMDB Show Lookup 116249
2021-02-11T18:31:29.987Z verbose: TMDB Show Lookup 88396
2021-02-11T18:31:29.987Z verbose: TMDB Show Lookup 95205
2021-02-11T18:31:29.987Z verbose: TMDB Show Lookup 87049
2021-02-11T18:31:29.988Z verbose: TMDB Person Lookup 613911
2021-02-11T18:31:29.988Z verbose: TMDB Person Lookup 777620
2021-02-11T18:31:29.988Z verbose: TMDB Person Lookup 618416
2021-02-11T18:31:43.026Z verbose: API: Route /services/sonarr/profiles/aba158c6-8bef-4ba0-9336-737aa5606bf8
2021-02-11T18:31:43.027Z verbose: API: Route /services/sonarr/profiles/fb89cffe-96cb-40a8-85de-220766e8a83b
2021-02-11T18:32:45.386Z warn: SERVICE - SONARR: ERR Connection failed
2021-02-11T18:32:45.386Z verbose: TMDB Show Lookup 115970
