{"2021-02-10T18:43:33.938Z":{"type":"verbose","log":"TMDB Person Lookup 575426"}},
{"2021-02-10T18:43:33.941Z":{"type":"verbose","log":"TMDB Person Lookup 331378"}},
{"2021-02-10T18:43:44.509Z":{"type":"verbose","log":"TMDB Person Lookup 435665"}},
{"2021-02-10T18:43:44.842Z":{"type":"verbose","log":"TMDB Person Lookup 609247"}},
{"2021-02-10T18:43:44.843Z":{"type":"verbose","log":"TMDB Person Lookup 250608"}},
{"2021-02-10T18:43:44.844Z":{"type":"verbose","log":"TMDB Person Lookup 545371"}},
{"2021-02-10T18:43:55.183Z":{"type":"warn","log":"SERVICE - SONARR: ERR Connection failed"}},
{"2021-02-10T18:43:55.242Z":{"type":"verbose","log":"TMDB Show Lookup 76811"}},
{"2021-02-10T18:43:55.244Z":{"type":"verbose","log":"TMDB Show Lookup 97175"}},
{"2021-02-10T18:43:55.244Z":{"type":"verbose","log":"TMDB Person Lookup 532865"}},
{"2021-02-10T18:43:55.244Z":{"type":"verbose","log":"TMDB Person Lookup 587996"}},
{"2021-02-10T18:43:55.244Z":{"type":"verbose","log":"TMDB Person Lookup 565743"}},
{"2021-02-10T18:43:55.244Z":{"type":"verbose","log":"TMDB Person Lookup 539617"}},
{"2021-02-10T18:43:55.244Z":{"type":"verbose","log":"TMDB Show Lookup 116034"}},
{"2021-02-10T18:43:55.244Z":{"type":"verbose","log":"TMDB Person Lookup 399566"}},
{"2021-02-10T18:43:55.245Z":{"type":"verbose","log":"TMDB Show Lookup 93741"}},
{"2021-02-10T18:43:55.245Z":{"type":"verbose","log":"TMDB Person Lookup 644083"}},
{"2021-02-10T18:43:55.245Z":{"type":"verbose","log":"TMDB Person Lookup 644092"}},
{"2021-02-10T18:43:55.245Z":{"type":"verbose","log":"TMDB Person Lookup 575776"}},
{"2021-02-10T18:43:55.245Z":{"type":"verbose","log":"TMDB Show Lookup 1274"}},
{"2021-02-10T18:43:55.245Z":{"type":"verbose","log":"TMDB Show Lookup 1215"}},
{"2021-02-10T18:43:55.245Z":{"type":"verbose","log":"TMDB Show Lookup 47450"}},
{"2021-02-10T18:43:55.245Z":{"type":"verbose","log":"TMDB Show Lookup 67232"}},
{"2021-02-10T18:43:55.245Z":{"type":"verbose","log":"TMDB Show Lookup 47323"}},
{"2021-02-10T18:43:55.245Z":{"type":"verbose","log":"TMDB Show Lookup 116249"}},
{"2021-02-10T18:43:55.245Z":{"type":"verbose","log":"TMDB Show Lookup 88396"}},
{"2021-02-10T18:43:55.246Z":{"type":"verbose","log":"TMDB Show Lookup 95205"}},
{"2021-02-10T18:43:55.246Z":{"type":"verbose","log":"TMDB Show Lookup 87049"}},
{"2021-02-10T18:43:55.246Z":{"type":"verbose","log":"TMDB Person Lookup 613911"}},
{"2021-02-10T18:43:55.246Z":{"type":"verbose","log":"TMDB Person Lookup 777620"}},
{"2021-02-10T18:43:55.246Z":{"type":"verbose","log":"TMDB Person Lookup 618416"}},
{"2021-02-10T18:45:10.832Z":{"type":"warn","log":"SERVICE - SONARR: ERR Connection failed"}},
{"2021-02-10T18:45:10.832Z":{"type":"verbose","log":"TMDB Show Lookup 115970"}},
{"2021-02-10T18:47:10.457Z":{"type":"info","log":"LOGIN: New login attempted"}},
{"2021-02-10T18:47:10.458Z":{"type":"info","log":"LOGIN: Request User: "}},
{"2021-02-10T18:47:10.458Z":{"type":"info","log":"LOGIN: Request IP: ::1"}},
{"2021-02-10T18:47:10.458Z":{"type":"info","log":"LOGIN: JWT Token Passed"}},
{"2021-02-10T18:47:10.459Z":{"type":"info","log":"LOGIN: Token fine"}},
{"2021-02-10T18:47:10.459Z":{"type":"info","log":"LOGIN: Token is admin"}},
{"2021-02-10T18:47:10.462Z":{"type":"info","log":"LOGIN: Admin user found"}},
{"2021-02-10T18:55:32.844Z":{"type":"info","log":"API: Petio API Version 0.3.10 alpha"}},
{"2021-02-10T18:55:32.844Z":{"type":"info","log":"API: API Starting"}},
{"2021-02-10T18:55:32.845Z":{"type":"verbose","log":"API: Non pkg env"}},
{"2021-02-10T18:55:32.845Z":{"type":"info","log":"API: Attempting to create config dir"}},
{"2021-02-10T18:55:32.847Z":{"type":"info","log":"API: Starting server"}},
{"2021-02-10T18:55:32.847Z":{"type":"info","log":"API: Setting up routes"}},
{"2021-02-10T18:55:32.850Z":{"type":"info","log":"API: Server entering listening state"}},
{"2021-02-10T18:55:32.850Z":{"type":"info","log":"API: Connecting to Database..."}},
{"2021-02-10T18:55:32.880Z":{"type":"info","log":"API: Connected to Database"}},
{"2021-02-10T18:55:32.884Z":{"type":"info","log":"LIB CRON: Running Full"}},
{"2021-02-10T18:55:32.906Z":{"type":"info","log":"LIB CRON: Admin Already Created, updating"}},
{"2021-02-10T18:55:32.935Z":{"type":"info","log":"LIB CRON: Found Libraries"}},
{"2021-02-10T18:55:32.956Z":{"type":"info","log":"LIB CRON: Library Updated Movies"}},
{"2021-02-10T18:55:32.956Z":{"type":"info","log":"LIB CRON: Library Updated Movies 4K"}},
{"2021-02-10T18:55:32.956Z":{"type":"info","log":"LIB CRON: Library Updated TV Shows"}},
{"2021-02-10T18:55:32.961Z":{"type":"info","log":"LIB CRON: Library Updated TV Shows 4K"}},
{"2021-02-10T18:55:32.961Z":{"type":"info","log":"LIB CRON: Library Updated TV Shows KIDS"}},
{"2021-02-10T18:55:32.961Z":{"type":"info","log":"LIB CRON: Library Updated Audio Books"}},
{"2021-02-10T18:55:32.962Z":{"type":"info","log":"LIB CRON: Library Updated Music"}},
{"2021-02-10T18:55:32.962Z":{"type":"info","log":"LIB CRON: Library Updated Home Videos | Ash"}},
{"2021-02-10T18:55:32.963Z":{"type":"info","log":"LIB CRON: Library Updated Home Videos | Chloe"}},
{"2021-02-10T18:55:35.539Z":{"type":"warn","log":"LIB CRON: Unable to fetch meta for Kourtney and Khloe Take the Hamptons"}},
{"2021-02-10T18:55:46.122Z":{"type":"info","log":"MAILER: Parsing mail queue"}},
{"2021-02-10T18:55:46.122Z":{"type":"info","log":"LIB CRON: Full Scan Complete"}},
{"2021-02-10T18:56:30.776Z":{"type":"info","log":"LOGIN: New login attempted"}},
{"2021-02-10T18:56:30.776Z":{"type":"info","log":"LOGIN: Request User: "}},
{"2021-02-10T18:56:30.776Z":{"type":"info","log":"LOGIN: Request IP: ::1"}},
{"2021-02-10T18:56:30.776Z":{"type":"info","log":"LOGIN: JWT Token Passed"}},
{"2021-02-10T18:56:30.778Z":{"type":"info","log":"LOGIN: Token fine"}},
{"2021-02-10T18:56:30.778Z":{"type":"info","log":"LOGIN: Token is user"}},
{"2021-02-10T18:56:30.789Z":{"type":"info","log":"LOGIN: User found, is admin, returned as standard"}},
{"2021-02-10T18:56:30.837Z":{"type":"verbose","log":"TMDB Person Lookup 435665"}},
{"2021-02-10T18:56:31.315Z":{"type":"verbose","log":"TMDB Person Lookup 381108"}},
{"2021-02-10T18:56:31.316Z":{"type":"verbose","log":"TMDB Person Lookup 609247"}},
{"2021-02-10T18:56:31.317Z":{"type":"verbose","log":"TMDB Person Lookup 545371"}},
{"2021-02-10T18:56:31.318Z":{"type":"verbose","log":"TMDB Person Lookup 250608"}},
{"2021-02-10T18:56:31.319Z":{"type":"verbose","log":"TMDB Person Lookup 400041"}},
