{"2021-02-10T18:30:03.168Z":{"type":"info","log":"LIB CRON: Partial scan - SIX - Built from series"}},
{"2021-02-10T18:30:03.179Z":{"type":"info","log":"LIB CRON: Partial scan - The Last Kingdom - Built from series"}},
{"2021-02-10T18:30:03.179Z":{"type":"info","log":"LIB CRON: Partial scan - Tiger - Built from series"}},
{"2021-02-10T18:30:03.179Z":{"type":"info","log":"LIB CRON: Partial scan - Palmer"}},
{"2021-02-10T18:30:03.179Z":{"type":"info","log":"LIB CRON: Partial scan - Rookie Blue - Built from series"}},
{"2021-02-10T18:30:03.179Z":{"type":"info","log":"LIB CRON: Partial scan - The Farewell"}},
{"2021-02-10T18:30:03.179Z":{"type":"info","log":"LIB CRON: Partial scan - Hate Thy Neighbor - Built from series"}},
{"2021-02-10T18:30:03.179Z":{"type":"info","log":"LIB CRON: Partial scan - Temptation Island (2019) - Built from series"}},
{"2021-02-10T18:30:03.179Z":{"type":"info","log":"LIB CRON: Partial scan - Black Knight"}},
{"2021-02-10T18:30:03.179Z":{"type":"info","log":"LIB CRON: Partial scan - Kindergarten Cop"}},
{"2021-02-10T18:30:03.179Z":{"type":"info","log":"LIB CRON: Partial scan - Life After Beth"}},
{"2021-02-10T18:30:03.179Z":{"type":"info","log":"LIB CRON: Partial scan - Addicted to Fresno"}},
{"2021-02-10T18:30:03.179Z":{"type":"info","log":"LIB CRON: Partial scan - Wild Hogs"}},
{"2021-02-10T18:30:03.179Z":{"type":"info","log":"LIB CRON: Partial scan - That Peter Kay Thing - Built from series"}},
{"2021-02-10T18:30:03.179Z":{"type":"info","log":"LIB CRON: Partial scan - Glee - Built from series"}},
{"2021-02-10T18:30:03.179Z":{"type":"info","log":"MAILER: Parsing mail queue"}},
{"2021-02-10T18:30:03.179Z":{"type":"info","log":"LIB CRON: Partial Scan Complete"}},
{"2021-02-10T18:40:01.570Z":{"type":"info","log":"LOGIN: New login attempted"}},
{"2021-02-10T18:40:01.570Z":{"type":"info","log":"LOGIN: Request User: "}},
{"2021-02-10T18:40:01.570Z":{"type":"info","log":"LOGIN: Request IP: ::1"}},
{"2021-02-10T18:40:01.571Z":{"type":"info","log":"LOGIN: JWT Token Passed"}},
{"2021-02-10T18:40:01.571Z":{"type":"info","log":"LOGIN: Token fine"}},
{"2021-02-10T18:40:01.571Z":{"type":"info","log":"LOGIN: Token is admin"}},
{"2021-02-10T18:40:01.574Z":{"type":"info","log":"LOGIN: Admin user found"}},
{"2021-02-10T18:42:39.226Z":{"type":"info","log":"LOGIN: New login attempted"}},
{"2021-02-10T18:42:39.226Z":{"type":"info","log":"LOGIN: Request User: "}},
{"2021-02-10T18:42:39.226Z":{"type":"info","log":"LOGIN: Request IP: ::1"}},
{"2021-02-10T18:42:39.227Z":{"type":"info","log":"LOGIN: JWT Token Passed"}},
{"2021-02-10T18:42:39.227Z":{"type":"info","log":"LOGIN: Token fine"}},
{"2021-02-10T18:42:39.227Z":{"type":"info","log":"LOGIN: Token is admin"}},
{"2021-02-10T18:42:39.230Z":{"type":"info","log":"LOGIN: Admin user found"}},
{"2021-02-10T18:42:41.538Z":{"type":"info","log":"LOGIN: New login attempted"}},
{"2021-02-10T18:42:41.538Z":{"type":"info","log":"LOGIN: Request User: "}},
{"2021-02-10T18:42:41.539Z":{"type":"info","log":"LOGIN: Request IP: ::1"}},
{"2021-02-10T18:42:41.539Z":{"type":"info","log":"LOGIN: JWT Token Passed"}},
{"2021-02-10T18:42:41.539Z":{"type":"info","log":"LOGIN: Token fine"}},
{"2021-02-10T18:42:41.539Z":{"type":"info","log":"LOGIN: Token is admin"}},
{"2021-02-10T18:42:41.541Z":{"type":"info","log":"LOGIN: Admin user found"}},
{"2021-02-10T18:42:41.612Z":{"type":"verbose","log":"TMDB Show Lookup 1215"}},
{"2021-02-10T18:42:41.617Z":{"type":"verbose","log":"TMDB Show Lookup 1274"}},
{"2021-02-10T18:42:41.622Z":{"type":"verbose","log":"TMDB Show Lookup 47323"}},
{"2021-02-10T18:42:41.626Z":{"type":"verbose","log":"TMDB Show Lookup 67232"}},
{"2021-02-10T18:42:41.627Z":{"type":"verbose","log":"TMDB Show Lookup 47450"}},
{"2021-02-10T18:42:41.628Z":{"type":"verbose","log":"TMDB Show Lookup 76811"}},
{"2021-02-10T18:42:41.634Z":{"type":"verbose","log":"TMDB Show Lookup 87049"}},
{"2021-02-10T18:42:41.636Z":{"type":"verbose","log":"TMDB Show Lookup 88396"}},
{"2021-02-10T18:42:41.642Z":{"type":"verbose","log":"TMDB Show Lookup 93741"}},
{"2021-02-10T18:42:41.645Z":{"type":"verbose","log":"TMDB Show Lookup 95205"}},
{"2021-02-10T18:42:41.647Z":{"type":"verbose","log":"TMDB Show Lookup 97175"}},
{"2021-02-10T18:42:41.650Z":{"type":"verbose","log":"TMDB Show Lookup 115970"}},
{"2021-02-10T18:42:41.652Z":{"type":"verbose","log":"TMDB Show Lookup 116034"}},
{"2021-02-10T18:42:41.654Z":{"type":"verbose","log":"TMDB Show Lookup 116249"}},
{"2021-02-10T18:42:41.660Z":{"type":"verbose","log":"TMDB Person Lookup 539617"}},
{"2021-02-10T18:42:41.662Z":{"type":"verbose","log":"TMDB Person Lookup 399566"}},
{"2021-02-10T18:42:41.664Z":{"type":"verbose","log":"TMDB Person Lookup 587996"}},
{"2021-02-10T18:42:41.664Z":{"type":"verbose","log":"TMDB Person Lookup 532865"}},
{"2021-02-10T18:42:41.669Z":{"type":"verbose","log":"TMDB Person Lookup 565743"}},
{"2021-02-10T18:42:41.671Z":{"type":"verbose","log":"TMDB Person Lookup 575776"}},
{"2021-02-10T18:42:41.675Z":{"type":"verbose","log":"TMDB Person Lookup 618416"}},
{"2021-02-10T18:42:41.678Z":{"type":"verbose","log":"TMDB Person Lookup 613911"}},
{"2021-02-10T18:42:41.679Z":{"type":"verbose","log":"TMDB Person Lookup 644083"}},
{"2021-02-10T18:42:41.682Z":{"type":"verbose","log":"TMDB Person Lookup 644092"}},
{"2021-02-10T18:42:41.687Z":{"type":"verbose","log":"TMDB Person Lookup 777620"}},
{"2021-02-10T18:42:42.917Z":{"type":"verbose","log":"TMDB Show Lookup 1639"}},
{"2021-02-10T18:42:43.026Z":{"type":"verbose","log":"TMDB Show Lookup 85904"}},
{"2021-02-10T18:43:21.774Z":{"type":"info","log":"LOGIN: New login attempted"}},
{"2021-02-10T18:43:21.775Z":{"type":"info","log":"LOGIN: Request User: "}},
{"2021-02-10T18:43:21.775Z":{"type":"info","log":"LOGIN: Request IP: ::1"}},
{"2021-02-10T18:43:21.775Z":{"type":"info","log":"LOGIN: JWT Token Passed"}},
{"2021-02-10T18:43:21.775Z":{"type":"info","log":"LOGIN: Token fine"}},
{"2021-02-10T18:43:21.775Z":{"type":"info","log":"LOGIN: Token is admin"}},
{"2021-02-10T18:43:21.778Z":{"type":"info","log":"LOGIN: Admin user found"}},
{"2021-02-10T18:43:21.942Z":{"type":"verbose","log":"TMDB Show Lookup 1215"}},
{"2021-02-10T18:43:21.944Z":{"type":"verbose","log":"TMDB Show Lookup 1274"}},
{"2021-02-10T18:43:21.947Z":{"type":"verbose","log":"TMDB Show Lookup 47323"}},
{"2021-02-10T18:43:21.948Z":{"type":"verbose","log":"TMDB Show Lookup 47450"}},
{"2021-02-10T18:43:21.949Z":{"type":"verbose","log":"TMDB Show Lookup 67232"}},
{"2021-02-10T18:43:21.951Z":{"type":"verbose","log":"TMDB Show Lookup 76811"}},
{"2021-02-10T18:43:21.961Z":{"type":"verbose","log":"TMDB Show Lookup 87049"}},
{"2021-02-10T18:43:21.963Z":{"type":"verbose","log":"TMDB Show Lookup 88396"}},
{"2021-02-10T18:43:21.965Z":{"type":"verbose","log":"TMDB Show Lookup 93741"}},
{"2021-02-10T18:43:21.967Z":{"type":"verbose","log":"TMDB Show Lookup 95205"}},
{"2021-02-10T18:43:21.968Z":{"type":"verbose","log":"TMDB Show Lookup 97175"}},
{"2021-02-10T18:43:21.971Z":{"type":"verbose","log":"TMDB Show Lookup 115970"}},
{"2021-02-10T18:43:21.976Z":{"type":"verbose","log":"TMDB Show Lookup 116034"}},
{"2021-02-10T18:43:21.979Z":{"type":"verbose","log":"TMDB Show Lookup 116249"}},
{"2021-02-10T18:43:21.980Z":{"type":"verbose","log":"TMDB Person Lookup 399566"}},
{"2021-02-10T18:43:21.982Z":{"type":"verbose","log":"TMDB Person Lookup 532865"}},
{"2021-02-10T18:43:21.984Z":{"type":"verbose","log":"TMDB Person Lookup 539617"}},
{"2021-02-10T18:43:21.987Z":{"type":"verbose","log":"TMDB Person Lookup 565743"}},
{"2021-02-10T18:43:21.988Z":{"type":"verbose","log":"TMDB Person Lookup 575776"}},
{"2021-02-10T18:43:21.990Z":{"type":"verbose","log":"TMDB Person Lookup 587996"}},
{"2021-02-10T18:43:21.994Z":{"type":"verbose","log":"TMDB Person Lookup 613911"}},
{"2021-02-10T18:43:22.000Z":{"type":"verbose","log":"TMDB Person Lookup 644083"}},
{"2021-02-10T18:43:22.001Z":{"type":"verbose","log":"TMDB Person Lookup 644092"}},
{"2021-02-10T18:43:22.003Z":{"type":"verbose","log":"TMDB Person Lookup 618416"}},
{"2021-02-10T18:43:22.008Z":{"type":"verbose","log":"TMDB Person Lookup 777620"}},
{"2021-02-10T18:43:22.443Z":{"type":"verbose","log":"TMDB Show Lookup 1639"}},
{"2021-02-10T18:43:22.711Z":{"type":"verbose","log":"TMDB Show Lookup 85904"}},
{"2021-02-10T18:43:27.069Z":{"type":"info","log":"LOGIN: New login attempted"}},
{"2021-02-10T18:43:27.069Z":{"type":"info","log":"LOGIN: Request User: "}},
{"2021-02-10T18:43:27.069Z":{"type":"info","log":"LOGIN: Request IP: ::1"}},
{"2021-02-10T18:43:27.069Z":{"type":"info","log":"LOGIN: JWT Token Passed"}},
{"2021-02-10T18:43:27.069Z":{"type":"info","log":"LOGIN: Token fine"}},
{"2021-02-10T18:43:27.069Z":{"type":"info","log":"LOGIN: Token is user"}},
{"2021-02-10T18:43:27.075Z":{"type":"info","log":"LOGIN: User found, is admin, returned as standard"}},
{"2021-02-10T18:43:27.131Z":{"type":"verbose","log":"TMDB Trending lookup"}},
{"2021-02-10T18:43:27.132Z":{"type":"verbose","log":"Person from source not cache"}},
{"2021-02-10T18:43:27.309Z":{"type":"verbose","log":"Movies from source not cache"}},
{"2021-02-10T18:43:27.479Z":{"type":"verbose","log":"Shows from source not cache"}},
{"2021-02-10T18:43:33.687Z":{"type":"verbose","log":"TMDB Person Lookup 613911"}},
{"2021-02-10T18:43:33.777Z":{"type":"verbose","log":"TMDB Person Lookup 400041"}},
{"2021-02-10T18:43:33.779Z":{"type":"verbose","log":"TMDB Person Lookup 435665"}},
{"2021-02-10T18:43:33.780Z":{"type":"verbose","log":"TMDB Person Lookup 608979"}},
{"2021-02-10T18:43:33.782Z":{"type":"verbose","log":"TMDB Person Lookup 492716"}},
{"2021-02-10T18:43:33.783Z":{"type":"verbose","log":"TMDB Person Lookup 521706"}},
{"2021-02-10T18:43:33.784Z":{"type":"verbose","log":"TMDB Person Lookup 381108"}},
{"2021-02-10T18:43:33.901Z":{"type":"verbose","log":"TMDB Person Lookup 647781"}},
{"2021-02-10T18:43:33.909Z":{"type":"verbose","log":"TMDB Person Lookup 520552"}},
{"2021-02-10T18:43:33.920Z":{"type":"verbose","log":"TMDB Person Lookup 135047"}},
{"2021-02-10T18:43:33.921Z":{"type":"verbose","log":"TMDB Person Lookup 343807"}},
