2021-02-10T18:09:21.233Z info: API: Petio API Version 0.3.10 alpha
2021-02-10T18:09:21.234Z info: API: API Starting
2021-02-10T18:09:21.235Z info: API: Attempting to create config dir
2021-02-10T18:09:21.236Z info: API: Starting server
2021-02-10T18:09:21.237Z info: API: Setting up routes
2021-02-10T18:09:21.239Z info: API: Server entering listening state
2021-02-10T18:09:21.240Z info: API: Connecting to Database...
2021-02-10T18:09:21.266Z info: API: Connected to Database
2021-02-10T18:09:21.270Z info: LIB CRON: Running Full
2021-02-10T18:09:21.296Z info: LIB CRON: Admin Already Created, updating
2021-02-10T18:09:21.325Z info: LIB CRON: Found Libraries
2021-02-10T18:09:21.349Z info: LIB CRON: Library Updated Movies
2021-02-10T18:09:21.350Z info: LIB CRON: Library Updated Movies 4K
2021-02-10T18:09:21.350Z info: LIB CRON: Library Updated TV Shows
2021-02-10T18:09:21.350Z info: LIB CRON: Library Updated TV Shows 4K
2021-02-10T18:09:21.351Z info: LIB CRON: Library Updated TV Shows KIDS
2021-02-10T18:09:21.351Z info: LIB CRON: Library Updated Audio Books
2021-02-10T18:09:21.352Z info: LIB CRON: Library Updated Music
2021-02-10T18:09:21.353Z info: LIB CRON: Library Updated Home Videos | Ash
2021-02-10T18:09:21.353Z info: LIB CRON: Library Updated Home Videos | Chloe
2021-02-10T18:09:24.202Z warn: LIB CRON: Unable to fetch meta for Kourtney and Khloe Take the Hamptons
2021-02-10T18:09:29.035Z info: LOGIN: New login attempted
2021-02-10T18:09:29.035Z info: LOGIN: Request User: 
2021-02-10T18:09:29.036Z info: LOGIN: Request IP: ::1
2021-02-10T18:09:29.036Z info: LOGIN: JWT Token Passed
2021-02-10T18:09:29.038Z info: LOGIN: Token fine
2021-02-10T18:09:29.038Z info: LOGIN: Token is admin
2021-02-10T18:09:33.647Z info: LOGIN: Admin user found
2021-02-10T18:09:35.121Z info: MAILER: Parsing mail queue
2021-02-10T18:09:35.121Z info: LIB CRON: Full Scan Complete
2021-02-10T18:21:43.115Z info: LOGIN: New login attempted
2021-02-10T18:21:43.115Z info: LOGIN: Request User: 
2021-02-10T18:21:43.115Z info: LOGIN: Request IP: ::1
2021-02-10T18:21:43.115Z info: LOGIN: JWT Token Passed
2021-02-10T18:21:43.116Z info: LOGIN: Token fine
2021-02-10T18:21:43.116Z info: LOGIN: Token is admin
2021-02-10T18:21:43.121Z info: LOGIN: Admin user found
2021-02-10T18:27:29.407Z info: LOGIN: New login attempted
2021-02-10T18:27:29.407Z info: LOGIN: Request User: 
2021-02-10T18:27:29.407Z info: LOGIN: Request IP: ::1
2021-02-10T18:27:29.408Z info: LOGIN: JWT Token Passed
2021-02-10T18:27:29.408Z info: LOGIN: Token fine
2021-02-10T18:27:29.408Z info: LOGIN: Token is admin
2021-02-10T18:27:29.411Z info: LOGIN: Admin user found
2021-02-10T18:28:20.464Z info: LOGIN: New login attempted
2021-02-10T18:28:20.464Z info: LOGIN: Request User: 
2021-02-10T18:28:20.464Z info: LOGIN: Request IP: ::1
2021-02-10T18:28:20.464Z info: LOGIN: JWT Token Passed
2021-02-10T18:28:20.465Z info: LOGIN: Token fine
2021-02-10T18:28:20.465Z info: LOGIN: Token is admin
2021-02-10T18:28:20.468Z info: LOGIN: Admin user found
2021-02-10T18:28:31.984Z info: LOGIN: New login attempted
2021-02-10T18:28:31.984Z info: LOGIN: Request User: 
2021-02-10T18:28:31.984Z info: LOGIN: Request IP: ::1
2021-02-10T18:28:31.984Z info: LOGIN: JWT Token Passed
2021-02-10T18:28:31.985Z info: LOGIN: Token fine
2021-02-10T18:28:31.985Z info: LOGIN: Token is admin
2021-02-10T18:28:31.988Z info: LOGIN: Admin user found
2021-02-10T18:28:48.844Z info: LOGIN: New login attempted
2021-02-10T18:28:48.845Z info: LOGIN: Request User: 
2021-02-10T18:28:48.845Z info: LOGIN: Request IP: ::1
2021-02-10T18:28:48.845Z info: LOGIN: JWT Token Passed
2021-02-10T18:28:48.845Z info: LOGIN: Token fine
2021-02-10T18:28:48.845Z info: LOGIN: Token is admin
2021-02-10T18:28:48.848Z info: LOGIN: Admin user found
2021-02-10T18:28:52.537Z info: LOGIN: New login attempted
2021-02-10T18:28:52.537Z info: LOGIN: Request User: 
2021-02-10T18:28:52.537Z info: LOGIN: Request IP: ::1
2021-02-10T18:28:52.537Z info: LOGIN: JWT Token Passed
2021-02-10T18:28:52.537Z info: LOGIN: Token fine
2021-02-10T18:28:52.537Z info: LOGIN: Token is admin
2021-02-10T18:28:52.540Z info: LOGIN: Admin user found
2021-02-10T18:30:00.008Z info: CRON: Partial Scan Started @ Wed Feb 10 2021
2021-02-10T18:30:00.009Z info: LIB CRON: Running Partial
2021-02-10T18:30:03.138Z info: LIB CRON: Recently Added received
2021-02-10T18:30:03.139Z warn: LIB CRON: Partial scan type not found - album
2021-02-10T18:30:03.149Z info: LIB CRON: Partial scan - Impractical Jokers - Built from series
2021-02-10T18:30:03.152Z info: LIB CRON: Partial scan - The Great North - Built from series
2021-02-10T18:30:03.152Z info: LIB CRON: Partial scan - Fauda - Built from series
2021-02-10T18:30:03.153Z info: LIB CRON: Partial scan - Police Interceptors - Built from series
2021-02-10T18:30:03.153Z info: LIB CRON: Partial scan - Marvel's Agent Carter - Built from series
2021-02-10T18:30:03.157Z info: LIB CRON: Partial scan - Ordeal by Innocence - Built from series
2021-02-10T18:30:03.157Z info: LIB CRON: Partial scan - 999: What's Your Emergency? - Built from series
2021-02-10T18:30:03.158Z info: LIB CRON: Partial scan - Rescue Me - Built from series
2021-02-10T18:30:03.158Z info: LIB CRON: Partial scan - Scream Queens - Built from series
2021-02-10T18:30:03.159Z info: LIB CRON: Partial scan - Teen Mom OG - Built from series
2021-02-10T18:30:03.159Z info: LIB CRON: Partial scan - Marvel One-Shot: Agent Carter
2021-02-10T18:30:03.160Z info: LIB CRON: Partial scan - Horizon Line
2021-02-10T18:30:03.160Z info: LIB CRON: Partial scan - The Good Wife - Built from series
2021-02-10T18:30:03.160Z info: LIB CRON: Partial scan - Hillbilly Elegy
2021-02-10T18:30:03.161Z info: LIB CRON: Partial scan - Traffic Cops - Built from series
2021-02-10T18:30:03.164Z info: LIB CRON: Partial scan - The Longest Yard
2021-02-10T18:30:03.164Z info: LIB CRON: Partial scan - 24 Hours in A&E - Built from series
2021-02-10T18:30:03.166Z info: LIB CRON: Partial scan - Killer in Question - Built from series
2021-02-10T18:30:03.166Z info: LIB CRON: Partial scan - Stick It
2021-02-10T18:30:03.167Z info: LIB CRON: Partial scan - Tehran - Built from series
2021-02-10T18:30:03.167Z info: LIB CRON: Partial scan - Desperate Housewives - Built from series
2021-02-10T18:30:03.168Z info: LIB CRON: Partial scan - SIX - Built from series
2021-02-10T18:30:03.168Z info: LIB CRON: Partial scan - The Last Kingdom - Built from series
2021-02-10T18:30:03.170Z info: LIB CRON: Partial scan - Tiger - Built from series
2021-02-10T18:30:03.171Z info: LIB CRON: Partial scan - Palmer
2021-02-10T18:30:03.171Z info: LIB CRON: Partial scan - Rookie Blue - Built from series
2021-02-10T18:30:03.171Z info: LIB CRON: Partial scan - The Farewell
2021-02-10T18:30:03.172Z info: LIB CRON: Partial scan - Hate Thy Neighbor - Built from series
2021-02-10T18:30:03.172Z info: LIB CRON: Partial scan - Temptation Island (2019) - Built from series
2021-02-10T18:30:03.173Z info: LIB CRON: Partial scan - Black Knight
2021-02-10T18:30:03.173Z info: LIB CRON: Partial scan - Kindergarten Cop
2021-02-10T18:30:03.174Z info: LIB CRON: Partial scan - Life After Beth
2021-02-10T18:30:03.174Z info: LIB CRON: Partial scan - Addicted to Fresno
2021-02-10T18:30:03.176Z info: LIB CRON: Partial scan - Wild Hogs
2021-02-10T18:30:03.177Z info: LIB CRON: Partial scan - That Peter Kay Thing - Built from series
2021-02-10T18:30:03.177Z info: LIB CRON: Partial scan - Glee - Built from series
2021-02-10T18:30:03.177Z info: MAILER: Parsing mail queue
2021-02-10T18:30:03.179Z info: LIB CRON: Partial Scan Complete
2021-02-10T18:40:01.570Z info: LOGIN: New login attempted
2021-02-10T18:40:01.570Z info: LOGIN: Request User: 
2021-02-10T18:40:01.570Z info: LOGIN: Request IP: ::1
2021-02-10T18:40:01.570Z info: LOGIN: JWT Token Passed
2021-02-10T18:40:01.571Z info: LOGIN: Token fine
2021-02-10T18:40:01.571Z info: LOGIN: Token is admin
2021-02-10T18:40:01.574Z info: LOGIN: Admin user found
2021-02-10T18:42:39.226Z info: LOGIN: New login attempted
2021-02-10T18:42:39.226Z info: LOGIN: Request User: 
2021-02-10T18:42:39.226Z info: LOGIN: Request IP: ::1
2021-02-10T18:42:39.227Z info: LOGIN: JWT Token Passed
2021-02-10T18:42:39.227Z info: LOGIN: Token fine
2021-02-10T18:42:39.227Z info: LOGIN: Token is admin
2021-02-10T18:42:39.230Z info: LOGIN: Admin user found
2021-02-10T18:42:41.538Z info: LOGIN: New login attempted
2021-02-10T18:42:41.538Z info: LOGIN: Request User: 
2021-02-10T18:42:41.539Z info: LOGIN: Request IP: ::1
2021-02-10T18:42:41.539Z info: LOGIN: JWT Token Passed
2021-02-10T18:42:41.539Z info: LOGIN: Token fine
2021-02-10T18:42:41.539Z info: LOGIN: Token is admin
2021-02-10T18:42:41.541Z info: LOGIN: Admin user found
2021-02-10T18:43:21.774Z info: LOGIN: New login attempted
2021-02-10T18:43:21.775Z info: LOGIN: Request User: 
2021-02-10T18:43:21.775Z info: LOGIN: Request IP: ::1
2021-02-10T18:43:21.775Z info: LOGIN: JWT Token Passed
2021-02-10T18:43:21.775Z info: LOGIN: Token fine
2021-02-10T18:43:21.775Z info: LOGIN: Token is admin
2021-02-10T18:43:21.778Z info: LOGIN: Admin user found
2021-02-10T18:43:27.069Z info: LOGIN: New login attempted
2021-02-10T18:43:27.069Z info: LOGIN: Request User: 
2021-02-10T18:43:27.069Z info: LOGIN: Request IP: ::1
2021-02-10T18:43:27.069Z info: LOGIN: JWT Token Passed
2021-02-10T18:43:27.069Z info: LOGIN: Token fine
2021-02-10T18:43:27.069Z info: LOGIN: Token is user
2021-02-10T18:43:27.075Z info: LOGIN: User found, is admin, returned as standard
2021-02-10T18:43:55.183Z warn: SERVICE - SONARR: ERR Connection failed
2021-02-10T18:45:10.832Z warn: SERVICE - SONARR: ERR Connection failed
2021-02-10T18:47:10.457Z info: LOGIN: New login attempted
2021-02-10T18:47:10.458Z info: LOGIN: Request User: 
2021-02-10T18:47:10.458Z info: LOGIN: Request IP: ::1
2021-02-10T18:47:10.458Z info: LOGIN: JWT Token Passed
2021-02-10T18:47:10.459Z info: LOGIN: Token fine
2021-02-10T18:47:10.459Z info: LOGIN: Token is admin
2021-02-10T18:47:10.461Z info: LOGIN: Admin user found
2021-02-10T18:55:32.843Z info: API: Petio API Version 0.3.10 alpha
2021-02-10T18:55:32.844Z info: API: API Starting
2021-02-10T18:55:32.845Z verbose: API: Non pkg env
2021-02-10T18:55:32.845Z info: API: Attempting to create config dir
2021-02-10T18:55:32.847Z info: API: Starting server
2021-02-10T18:55:32.847Z info: API: Setting up routes
2021-02-10T18:55:32.850Z info: API: Server entering listening state
2021-02-10T18:55:32.850Z info: API: Connecting to Database...
2021-02-10T18:55:32.880Z info: API: Connected to Database
2021-02-10T18:55:32.884Z info: LIB CRON: Running Full
2021-02-10T18:55:32.906Z info: LIB CRON: Admin Already Created, updating
2021-02-10T18:55:32.935Z info: LIB CRON: Found Libraries
2021-02-10T18:55:32.955Z info: LIB CRON: Library Updated Movies
2021-02-10T18:55:32.956Z info: LIB CRON: Library Updated Movies 4K
2021-02-10T18:55:32.956Z info: LIB CRON: Library Updated TV Shows
2021-02-10T18:55:32.961Z info: LIB CRON: Library Updated TV Shows 4K
2021-02-10T18:55:32.961Z info: LIB CRON: Library Updated TV Shows KIDS
2021-02-10T18:55:32.961Z info: LIB CRON: Library Updated Audio Books
2021-02-10T18:55:32.962Z info: LIB CRON: Library Updated Music
2021-02-10T18:55:32.962Z info: LIB CRON: Library Updated Home Videos | Ash
2021-02-10T18:55:32.963Z info: LIB CRON: Library Updated Home Videos | Chloe
2021-02-10T18:55:35.539Z warn: LIB CRON: Unable to fetch meta for Kourtney and Khloe Take the Hamptons
2021-02-10T18:55:46.122Z info: MAILER: Parsing mail queue
2021-02-10T18:55:46.122Z info: LIB CRON: Full Scan Complete
2021-02-10T18:56:30.776Z info: LOGIN: New login attempted
2021-02-10T18:56:30.776Z info: LOGIN: Request User: 
2021-02-10T18:56:30.776Z info: LOGIN: Request IP: ::1
2021-02-10T18:56:30.776Z info: LOGIN: JWT Token Passed
2021-02-10T18:56:30.778Z info: LOGIN: Token fine
2021-02-10T18:56:30.778Z info: LOGIN: Token is user
2021-02-10T18:56:30.789Z info: LOGIN: User found, is admin, returned as standard
2021-02-10T18:56:30.837Z verbose: TMDB Person Lookup 435665
2021-02-10T18:56:31.315Z verbose: TMDB Person Lookup 381108
2021-02-10T18:56:31.316Z verbose: TMDB Person Lookup 609247
2021-02-10T18:56:31.317Z verbose: TMDB Person Lookup 545371
2021-02-10T18:56:31.318Z verbose: TMDB Person Lookup 250608
2021-02-10T18:56:31.319Z verbose: TMDB Person Lookup 400041
